<?xml version="1.0" encoding="UTF-8"?>
<testsuites>
  <testsuite name="/home/rsalwa/projects/php/interview-client-php/config/analysis/phpunit.xml" tests="2" assertions="2" errors="0" failures="0" skipped="0" time="0.010054">
    <testsuite name="unit" tests="2" assertions="2" errors="0" failures="0" skipped="0" time="0.010054">
      <testsuite name="App\Tests\Unit\Entity\UserTest" file="/home/rsalwa/projects/php/interview-client-php/tests/Unit/Entity/UserTest.php" tests="2" assertions="2" errors="0" failures="0" skipped="0" time="0.010054">
        <testcase name="testSetters" file="/home/rsalwa/projects/php/interview-client-php/tests/Unit/Entity/UserTest.php" line="31" class="App\Tests\Unit\Entity\UserTest" classname="App.Tests.Unit.Entity.UserTest" assertions="1" time="0.007669"/>
        <testcase name="testOrderProcess" file="/home/rsalwa/projects/php/interview-client-php/tests/Unit/Entity/UserTest.php" line="49" class="App\Tests\Unit\Entity\UserTest" classname="App.Tests.Unit.Entity.UserTest" assertions="1" time="0.002385"/>
      </testsuite>
    </testsuite>
  </testsuite>
</testsuites>
