<?xml version="1.0" encoding="UTF-8"?>
<coverage generated="1710978727">
  <project timestamp="1710978727">
    <file name="/home/rsalwa/projects/php/interview-client-php/src/Client/ApiResponseExtractor.php">
      <class name="App\Client\ApiResponseExtractor" namespace="global">
        <metrics complexity="1" methods="1" coveredmethods="0" conditionals="0" coveredconditionals="0" statements="2" coveredstatements="0" elements="3" coveredelements="0"/>
      </class>
      <line num="12" type="method" name="getErrorMessage" visibility="public" complexity="1" crap="2" count="0"/>
      <line num="14" type="stmt" count="0"/>
      <line num="16" type="stmt" count="0"/>
      <metrics loc="19" ncloc="19" classes="1" methods="1" coveredmethods="0" conditionals="0" coveredconditionals="0" statements="2" coveredstatements="0" elements="3" coveredelements="0"/>
    </file>
    <file name="/home/rsalwa/projects/php/interview-client-php/src/Client/AuthApiClient.php">
      <class name="App\Client\AuthApiClient" namespace="global">
        <metrics complexity="18" methods="7" coveredmethods="0" conditionals="0" coveredconditionals="0" statements="91" coveredstatements="0" elements="98" coveredelements="0"/>
      </class>
      <line num="30" type="method" name="__construct" visibility="public" complexity="1" crap="2" count="0"/>
      <line num="31" type="stmt" count="0"/>
      <line num="34" type="method" name="signIn" visibility="public" complexity="3" crap="12" count="0"/>
      <line num="37" type="stmt" count="0"/>
      <line num="38" type="stmt" count="0"/>
      <line num="39" type="stmt" count="0"/>
      <line num="40" type="stmt" count="0"/>
      <line num="41" type="stmt" count="0"/>
      <line num="42" type="stmt" count="0"/>
      <line num="43" type="stmt" count="0"/>
      <line num="44" type="stmt" count="0"/>
      <line num="45" type="stmt" count="0"/>
      <line num="46" type="stmt" count="0"/>
      <line num="47" type="stmt" count="0"/>
      <line num="48" type="stmt" count="0"/>
      <line num="49" type="stmt" count="0"/>
      <line num="51" type="stmt" count="0"/>
      <line num="52" type="stmt" count="0"/>
      <line num="53" type="stmt" count="0"/>
      <line num="55" type="stmt" count="0"/>
      <line num="56" type="stmt" count="0"/>
      <line num="57" type="stmt" count="0"/>
      <line num="59" type="stmt" count="0"/>
      <line num="63" type="method" name="signUp" visibility="public" complexity="2" crap="6" count="0"/>
      <line num="66" type="stmt" count="0"/>
      <line num="67" type="stmt" count="0"/>
      <line num="68" type="stmt" count="0"/>
      <line num="69" type="stmt" count="0"/>
      <line num="70" type="stmt" count="0"/>
      <line num="71" type="stmt" count="0"/>
      <line num="72" type="stmt" count="0"/>
      <line num="73" type="stmt" count="0"/>
      <line num="74" type="stmt" count="0"/>
      <line num="75" type="stmt" count="0"/>
      <line num="76" type="stmt" count="0"/>
      <line num="77" type="stmt" count="0"/>
      <line num="78" type="stmt" count="0"/>
      <line num="79" type="stmt" count="0"/>
      <line num="80" type="stmt" count="0"/>
      <line num="81" type="stmt" count="0"/>
      <line num="83" type="stmt" count="0"/>
      <line num="87" type="method" name="getVerificationCode" visibility="public" complexity="3" crap="12" count="0"/>
      <line num="90" type="stmt" count="0"/>
      <line num="91" type="stmt" count="0"/>
      <line num="92" type="stmt" count="0"/>
      <line num="93" type="stmt" count="0"/>
      <line num="94" type="stmt" count="0"/>
      <line num="95" type="stmt" count="0"/>
      <line num="96" type="stmt" count="0"/>
      <line num="97" type="stmt" count="0"/>
      <line num="98" type="stmt" count="0"/>
      <line num="99" type="stmt" count="0"/>
      <line num="100" type="stmt" count="0"/>
      <line num="101" type="stmt" count="0"/>
      <line num="102" type="stmt" count="0"/>
      <line num="105" type="stmt" count="0"/>
      <line num="106" type="stmt" count="0"/>
      <line num="107" type="stmt" count="0"/>
      <line num="110" type="stmt" count="0"/>
      <line num="113" type="method" name="confirmAccount" visibility="public" complexity="3" crap="12" count="0"/>
      <line num="116" type="stmt" count="0"/>
      <line num="117" type="stmt" count="0"/>
      <line num="118" type="stmt" count="0"/>
      <line num="120" type="stmt" count="0"/>
      <line num="121" type="stmt" count="0"/>
      <line num="122" type="stmt" count="0"/>
      <line num="124" type="stmt" count="0"/>
      <line num="128" type="method" name="getByVerificationCode" visibility="public" complexity="3" crap="12" count="0"/>
      <line num="131" type="stmt" count="0"/>
      <line num="132" type="stmt" count="0"/>
      <line num="134" type="stmt" count="0"/>
      <line num="135" type="stmt" count="0"/>
      <line num="136" type="stmt" count="0"/>
      <line num="138" type="stmt" count="0"/>
      <line num="139" type="stmt" count="0"/>
      <line num="140" type="stmt" count="0"/>
      <line num="142" type="stmt" count="0"/>
      <line num="146" type="method" name="signInByCode" visibility="public" complexity="3" crap="12" count="0"/>
      <line num="149" type="stmt" count="0"/>
      <line num="150" type="stmt" count="0"/>
      <line num="151" type="stmt" count="0"/>
      <line num="152" type="stmt" count="0"/>
      <line num="153" type="stmt" count="0"/>
      <line num="154" type="stmt" count="0"/>
      <line num="155" type="stmt" count="0"/>
      <line num="156" type="stmt" count="0"/>
      <line num="157" type="stmt" count="0"/>
      <line num="158" type="stmt" count="0"/>
      <line num="159" type="stmt" count="0"/>
      <line num="160" type="stmt" count="0"/>
      <line num="161" type="stmt" count="0"/>
      <line num="163" type="stmt" count="0"/>
      <line num="164" type="stmt" count="0"/>
      <line num="165" type="stmt" count="0"/>
      <line num="167" type="stmt" count="0"/>
      <line num="168" type="stmt" count="0"/>
      <line num="169" type="stmt" count="0"/>
      <line num="171" type="stmt" count="0"/>
      <metrics loc="175" ncloc="174" classes="1" methods="7" coveredmethods="0" conditionals="0" coveredconditionals="0" statements="91" coveredstatements="0" elements="98" coveredelements="0"/>
    </file>
    <file name="/home/rsalwa/projects/php/interview-client-php/src/Client/AuthClientInterface.php">
      <metrics loc="17" ncloc="17" classes="0" methods="0" coveredmethods="0" conditionals="0" coveredconditionals="0" statements="0" coveredstatements="0" elements="0" coveredelements="0"/>
    </file>
    <file name="/home/rsalwa/projects/php/interview-client-php/src/Client/AuthCodeClientInterface.php">
      <metrics loc="16" ncloc="16" classes="0" methods="0" coveredmethods="0" conditionals="0" coveredconditionals="0" statements="0" coveredstatements="0" elements="0" coveredelements="0"/>
    </file>
    <file name="/home/rsalwa/projects/php/interview-client-php/src/Client/GRPC/AuthApiGRPCClient.php">
      <class name="App\Client\GRPC\AuthApiGRPCClient" namespace="global">
        <metrics complexity="10" methods="6" coveredmethods="0" conditionals="0" coveredconditionals="0" statements="50" coveredstatements="0" elements="56" coveredelements="0"/>
      </class>
      <line num="32" type="method" name="__construct" visibility="public" complexity="1" crap="2" count="0"/>
      <line num="34" type="stmt" count="0"/>
      <line num="35" type="stmt" count="0"/>
      <line num="36" type="stmt" count="0"/>
      <line num="37" type="stmt" count="0"/>
      <line num="38" type="stmt" count="0"/>
      <line num="39" type="stmt" count="0"/>
      <line num="42" type="method" name="signIn" visibility="public" complexity="2" crap="6" count="0"/>
      <line num="44" type="stmt" count="0"/>
      <line num="45" type="stmt" count="0"/>
      <line num="46" type="stmt" count="0"/>
      <line num="47" type="stmt" count="0"/>
      <line num="48" type="stmt" count="0"/>
      <line num="49" type="stmt" count="0"/>
      <line num="50" type="stmt" count="0"/>
      <line num="51" type="stmt" count="0"/>
      <line num="52" type="stmt" count="0"/>
      <line num="53" type="stmt" count="0"/>
      <line num="55" type="stmt" count="0"/>
      <line num="56" type="stmt" count="0"/>
      <line num="58" type="stmt" count="0"/>
      <line num="61" type="method" name="signUp" visibility="public" complexity="1" crap="2" count="0"/>
      <line num="63" type="stmt" count="0"/>
      <line num="64" type="stmt" count="0"/>
      <line num="65" type="stmt" count="0"/>
      <line num="66" type="stmt" count="0"/>
      <line num="68" type="stmt" count="0"/>
      <line num="69" type="stmt" count="0"/>
      <line num="73" type="method" name="getVerificationCode" visibility="public" complexity="2" crap="6" count="0"/>
      <line num="75" type="stmt" count="0"/>
      <line num="76" type="stmt" count="0"/>
      <line num="77" type="stmt" count="0"/>
      <line num="78" type="stmt" count="0"/>
      <line num="79" type="stmt" count="0"/>
      <line num="81" type="stmt" count="0"/>
      <line num="82" type="stmt" count="0"/>
      <line num="83" type="stmt" count="0"/>
      <line num="84" type="stmt" count="0"/>
      <line num="86" type="stmt" count="0"/>
      <line num="87" type="stmt" count="0"/>
      <line num="89" type="stmt" count="0"/>
      <line num="93" type="method" name="confirmAccount" visibility="public" complexity="2" crap="6" count="0"/>
      <line num="95" type="stmt" count="0"/>
      <line num="96" type="stmt" count="0"/>
      <line num="98" type="stmt" count="0"/>
      <line num="99" type="stmt" count="0"/>
      <line num="100" type="stmt" count="0"/>
      <line num="101" type="stmt" count="0"/>
      <line num="103" type="stmt" count="0"/>
      <line num="104" type="stmt" count="0"/>
      <line num="105" type="stmt" count="0"/>
      <line num="106" type="stmt" count="0"/>
      <line num="111" type="method" name="getResponses" visibility="public" complexity="2" crap="6" count="0"/>
      <line num="113" type="stmt" count="0"/>
      <line num="114" type="stmt" count="0"/>
      <line num="117" type="stmt" count="0"/>
      <metrics loc="120" ncloc="116" classes="1" methods="6" coveredmethods="0" conditionals="0" coveredconditionals="0" statements="50" coveredstatements="0" elements="56" coveredelements="0"/>
    </file>
    <file name="/home/rsalwa/projects/php/interview-client-php/src/Client/GRPC/UserApiGRPCClient.php">
      <class name="App\Client\GRPC\UserApiGRPCClient" namespace="global">
        <metrics complexity="7" methods="4" coveredmethods="0" conditionals="0" coveredconditionals="0" statements="32" coveredstatements="0" elements="36" coveredelements="0"/>
      </class>
      <line num="26" type="method" name="__construct" visibility="public" complexity="1" crap="2" count="0"/>
      <line num="28" type="stmt" count="0"/>
      <line num="29" type="stmt" count="0"/>
      <line num="30" type="stmt" count="0"/>
      <line num="31" type="stmt" count="0"/>
      <line num="32" type="stmt" count="0"/>
      <line num="33" type="stmt" count="0"/>
      <line num="37" type="method" name="confirmAccount" visibility="public" complexity="2" crap="6" count="0"/>
      <line num="39" type="stmt" count="0"/>
      <line num="40" type="stmt" count="0"/>
      <line num="42" type="stmt" count="0"/>
      <line num="43" type="stmt" count="0"/>
      <line num="44" type="stmt" count="0"/>
      <line num="45" type="stmt" count="0"/>
      <line num="46" type="stmt" count="0"/>
      <line num="47" type="stmt" count="0"/>
      <line num="48" type="stmt" count="0"/>
      <line num="49" type="stmt" count="0"/>
      <line num="54" type="method" name="getResponses" visibility="public" complexity="2" crap="6" count="0"/>
      <line num="56" type="stmt" count="0"/>
      <line num="57" type="stmt" count="0"/>
      <line num="60" type="stmt" count="0"/>
      <line num="63" type="method" name="getUser" visibility="public" complexity="2" crap="6" count="0"/>
      <line num="65" type="stmt" count="0"/>
      <line num="66" type="stmt" count="0"/>
      <line num="68" type="stmt" count="0"/>
      <line num="69" type="stmt" count="0"/>
      <line num="70" type="stmt" count="0"/>
      <line num="72" type="stmt" count="0"/>
      <line num="73" type="stmt" count="0"/>
      <line num="75" type="stmt" count="0"/>
      <line num="76" type="stmt" count="0"/>
      <line num="77" type="stmt" count="0"/>
      <line num="80" type="stmt" count="0"/>
      <line num="81" type="stmt" count="0"/>
      <line num="83" type="stmt" count="0"/>
      <metrics loc="86" ncloc="83" classes="1" methods="4" coveredmethods="0" conditionals="0" coveredconditionals="0" statements="32" coveredstatements="0" elements="36" coveredelements="0"/>
    </file>
    <file name="/home/rsalwa/projects/php/interview-client-php/src/Client/ShopUserProviderInterface.php">
      <metrics loc="19" ncloc="19" classes="0" methods="0" coveredmethods="0" conditionals="0" coveredconditionals="0" statements="0" coveredstatements="0" elements="0" coveredelements="0"/>
    </file>
    <file name="/home/rsalwa/projects/php/interview-client-php/src/Client/UsersApiClient.php">
      <class name="App\Client\UsersApiClient" namespace="global">
        <metrics complexity="8" methods="5" coveredmethods="0" conditionals="0" coveredconditionals="0" statements="27" coveredstatements="0" elements="32" coveredelements="0"/>
      </class>
      <line num="27" type="method" name="__construct" visibility="public" complexity="1" crap="2" count="0"/>
      <line num="32" type="stmt" count="0"/>
      <line num="35" type="method" name="loadUserByIdentifier" visibility="public" complexity="1" crap="2" count="0"/>
      <line num="37" type="stmt" count="0"/>
      <line num="40" type="method" name="getUser" visibility="private" complexity="3" crap="12" count="0"/>
      <line num="43" type="stmt" count="0"/>
      <line num="44" type="stmt" count="0"/>
      <line num="45" type="stmt" count="0"/>
      <line num="46" type="stmt" count="0"/>
      <line num="47" type="stmt" count="0"/>
      <line num="48" type="stmt" count="0"/>
      <line num="50" type="stmt" count="0"/>
      <line num="51" type="stmt" count="0"/>
      <line num="52" type="stmt" count="0"/>
      <line num="53" type="stmt" count="0"/>
      <line num="54" type="stmt" count="0"/>
      <line num="55" type="stmt" count="0"/>
      <line num="56" type="stmt" count="0"/>
      <line num="58" type="stmt" count="0"/>
      <line num="60" type="stmt" count="0"/>
      <line num="61" type="stmt" count="0"/>
      <line num="62" type="stmt" count="0"/>
      <line num="64" type="stmt" count="0"/>
      <line num="65" type="stmt" count="0"/>
      <line num="66" type="stmt" count="0"/>
      <line num="68" type="stmt" count="0"/>
      <line num="72" type="method" name="loadUserByToken" visibility="public" complexity="1" crap="2" count="0"/>
      <line num="74" type="stmt" count="0"/>
      <line num="77" type="method" name="refreshUser" visibility="public" complexity="2" crap="6" count="0"/>
      <line num="79" type="stmt" count="0"/>
      <line num="80" type="stmt" count="0"/>
      <line num="83" type="stmt" count="0"/>
      <metrics loc="86" ncloc="85" classes="1" methods="5" coveredmethods="0" conditionals="0" coveredconditionals="0" statements="27" coveredstatements="0" elements="32" coveredelements="0"/>
    </file>
    <file name="/home/rsalwa/projects/php/interview-client-php/src/Command/AbstractSymfonyCommand.php">
      <class name="App\Command\AbstractSymfonyCommand" namespace="global">
        <metrics complexity="1" methods="1" coveredmethods="0" conditionals="0" coveredconditionals="0" statements="1" coveredstatements="0" elements="2" coveredelements="0"/>
      </class>
      <line num="12" type="method" name="render" visibility="public" complexity="1" crap="2" count="0"/>
      <line num="14" type="stmt" count="0"/>
      <metrics loc="17" ncloc="17" classes="1" methods="1" coveredmethods="0" conditionals="0" coveredconditionals="0" statements="1" coveredstatements="0" elements="2" coveredelements="0"/>
    </file>
    <file name="/home/rsalwa/projects/php/interview-client-php/src/Command/CreateAuthClientCommand.php">
      <class name="App\Command\CreateAuthClientCommand" namespace="global">
        <metrics complexity="3" methods="2" coveredmethods="0" conditionals="0" coveredconditionals="0" statements="33" coveredstatements="0" elements="35" coveredelements="0"/>
      </class>
      <line num="17" type="stmt" count="0"/>
      <line num="25" type="method" name="__construct" visibility="public" complexity="1" crap="2" count="0"/>
      <line num="32" type="stmt" count="0"/>
      <line num="35" type="method" name="execute" visibility="protected" complexity="2" crap="6" count="0"/>
      <line num="37" type="stmt" count="0"/>
      <line num="39" type="stmt" count="0"/>
      <line num="40" type="stmt" count="0"/>
      <line num="42" type="stmt" count="0"/>
      <line num="45" type="stmt" count="0"/>
      <line num="46" type="stmt" count="0"/>
      <line num="47" type="stmt" count="0"/>
      <line num="48" type="stmt" count="0"/>
      <line num="49" type="stmt" count="0"/>
      <line num="50" type="stmt" count="0"/>
      <line num="51" type="stmt" count="0"/>
      <line num="52" type="stmt" count="0"/>
      <line num="53" type="stmt" count="0"/>
      <line num="54" type="stmt" count="0"/>
      <line num="55" type="stmt" count="0"/>
      <line num="56" type="stmt" count="0"/>
      <line num="57" type="stmt" count="0"/>
      <line num="58" type="stmt" count="0"/>
      <line num="60" type="stmt" count="0"/>
      <line num="61" type="stmt" count="0"/>
      <line num="62" type="stmt" count="0"/>
      <line num="63" type="stmt" count="0"/>
      <line num="64" type="stmt" count="0"/>
      <line num="65" type="stmt" count="0"/>
      <line num="66" type="stmt" count="0"/>
      <line num="67" type="stmt" count="0"/>
      <line num="68" type="stmt" count="0"/>
      <line num="69" type="stmt" count="0"/>
      <line num="70" type="stmt" count="0"/>
      <line num="73" type="stmt" count="0"/>
      <line num="74" type="stmt" count="0"/>
      <line num="76" type="stmt" count="0"/>
      <metrics loc="79" ncloc="74" classes="1" methods="2" coveredmethods="0" conditionals="0" coveredconditionals="0" statements="34" coveredstatements="0" elements="36" coveredelements="0"/>
    </file>
    <file name="/home/rsalwa/projects/php/interview-client-php/src/Config/Cache.php">
      <class name="App\Config\Cache" namespace="global">
        <metrics complexity="0" methods="0" coveredmethods="0" conditionals="0" coveredconditionals="0" statements="0" coveredstatements="0" elements="0" coveredelements="0"/>
      </class>
      <metrics loc="12" ncloc="12" classes="0" methods="0" coveredmethods="0" conditionals="0" coveredconditionals="0" statements="0" coveredstatements="0" elements="0" coveredelements="0"/>
    </file>
    <file name="/home/rsalwa/projects/php/interview-client-php/src/Controller/AbstractShopController.php">
      <class name="App\Controller\AbstractShopController" namespace="global">
        <metrics complexity="3" methods="2" coveredmethods="0" conditionals="0" coveredconditionals="0" statements="6" coveredstatements="0" elements="8" coveredelements="0"/>
      </class>
      <line num="13" type="stmt" count="0"/>
      <line num="16" type="method" name="getUserId" visibility="protected" complexity="1" crap="2" count="0"/>
      <line num="18" type="stmt" count="0"/>
      <line num="21" type="method" name="getShopUser" visibility="protected" complexity="2" crap="6" count="0"/>
      <line num="23" type="stmt" count="0"/>
      <line num="24" type="stmt" count="0"/>
      <line num="26" type="stmt" count="0"/>
      <line num="27" type="stmt" count="0"/>
      <line num="30" type="stmt" count="0"/>
      <metrics loc="33" ncloc="33" classes="1" methods="2" coveredmethods="0" conditionals="0" coveredconditionals="0" statements="7" coveredstatements="0" elements="9" coveredelements="0"/>
    </file>
    <file name="/home/rsalwa/projects/php/interview-client-php/src/Controller/AccountController.php">
      <class name="App\Controller\AccountController" namespace="global">
        <metrics complexity="1" methods="1" coveredmethods="0" conditionals="0" coveredconditionals="0" statements="2" coveredstatements="0" elements="3" coveredelements="0"/>
      </class>
      <line num="11" type="stmt" count="0"/>
      <line num="12" type="stmt" count="0"/>
      <line num="15" type="method" name="index" visibility="public" complexity="1" crap="2" count="0"/>
      <line num="18" type="stmt" count="0"/>
      <metrics loc="21" ncloc="21" classes="1" methods="1" coveredmethods="0" conditionals="0" coveredconditionals="0" statements="4" coveredstatements="0" elements="5" coveredelements="0"/>
    </file>
    <file name="/home/rsalwa/projects/php/interview-client-php/src/Controller/AddressBookController.php">
      <class name="App\Controller\AddressBookController" namespace="global">
        <metrics complexity="4" methods="2" coveredmethods="0" conditionals="0" coveredconditionals="0" statements="25" coveredstatements="0" elements="27" coveredelements="0"/>
      </class>
      <line num="16" type="stmt" count="0"/>
      <line num="17" type="stmt" count="0"/>
      <line num="18" type="stmt" count="0"/>
      <line num="21" type="method" name="index" visibility="public" complexity="1" crap="2" count="0"/>
      <line num="24" type="stmt" count="0"/>
      <line num="25" type="stmt" count="0"/>
      <line num="26" type="stmt" count="0"/>
      <line num="27" type="stmt" count="0"/>
      <line num="28" type="stmt" count="0"/>
      <line num="29" type="stmt" count="0"/>
      <line num="32" type="method" name="add" visibility="public" complexity="3" crap="12" count="0"/>
      <line num="35" type="stmt" count="0"/>
      <line num="37" type="stmt" count="0"/>
      <line num="38" type="stmt" count="0"/>
      <line num="40" type="stmt" count="0"/>
      <line num="41" type="stmt" count="0"/>
      <line num="42" type="stmt" count="0"/>
      <line num="43" type="stmt" count="0"/>
      <line num="44" type="stmt" count="0"/>
      <line num="45" type="stmt" count="0"/>
      <line num="47" type="stmt" count="0"/>
      <line num="50" type="stmt" count="0"/>
      <line num="51" type="stmt" count="0"/>
      <line num="52" type="stmt" count="0"/>
      <line num="53" type="stmt" count="0"/>
      <line num="54" type="stmt" count="0"/>
      <line num="55" type="stmt" count="0"/>
      <line num="56" type="stmt" count="0"/>
      <metrics loc="59" ncloc="59" classes="1" methods="2" coveredmethods="0" conditionals="0" coveredconditionals="0" statements="28" coveredstatements="0" elements="30" coveredelements="0"/>
    </file>
    <file name="/home/rsalwa/projects/php/interview-client-php/src/Controller/ApiController.php">
      <class name="App\Controller\ApiController" namespace="global">
        <metrics complexity="1" methods="1" coveredmethods="0" conditionals="0" coveredconditionals="0" statements="23" coveredstatements="0" elements="24" coveredelements="0"/>
      </class>
      <line num="13" type="stmt" count="0"/>
      <line num="14" type="stmt" count="0"/>
      <line num="17" type="method" name="user" visibility="public" complexity="1" crap="2" count="0"/>
      <line num="18" type="stmt" count="0"/>
      <line num="19" type="stmt" count="0"/>
      <line num="20" type="stmt" count="0"/>
      <line num="21" type="stmt" count="0"/>
      <line num="22" type="stmt" count="0"/>
      <line num="23" type="stmt" count="0"/>
      <line num="24" type="stmt" count="0"/>
      <line num="25" type="stmt" count="0"/>
      <line num="26" type="stmt" count="0"/>
      <line num="27" type="stmt" count="0"/>
      <line num="28" type="stmt" count="0"/>
      <line num="29" type="stmt" count="0"/>
      <line num="30" type="stmt" count="0"/>
      <line num="31" type="stmt" count="0"/>
      <line num="32" type="stmt" count="0"/>
      <line num="35" type="stmt" count="0"/>
      <line num="37" type="stmt" count="0"/>
      <line num="38" type="stmt" count="0"/>
      <line num="39" type="stmt" count="0"/>
      <line num="40" type="stmt" count="0"/>
      <line num="41" type="stmt" count="0"/>
      <line num="42" type="stmt" count="0"/>
      <metrics loc="45" ncloc="45" classes="1" methods="1" coveredmethods="0" conditionals="0" coveredconditionals="0" statements="25" coveredstatements="0" elements="26" coveredelements="0"/>
    </file>
    <file name="/home/rsalwa/projects/php/interview-client-php/src/Controller/CartApiController.php">
      <class name="App\Controller\CartApiController" namespace="global">
        <metrics complexity="8" methods="3" coveredmethods="0" conditionals="0" coveredconditionals="0" statements="67" coveredstatements="0" elements="70" coveredelements="0"/>
      </class>
      <line num="29" type="stmt" count="0"/>
      <line num="30" type="stmt" count="0"/>
      <line num="33" type="method" name="index" visibility="public" complexity="1" crap="2" count="0"/>
      <line num="34" type="stmt" count="0"/>
      <line num="35" type="stmt" count="0"/>
      <line num="38" type="stmt" count="0"/>
      <line num="39" type="stmt" count="0"/>
      <line num="41" type="stmt" count="0"/>
      <line num="44" type="method" name="add" visibility="public" complexity="5" crap="30" count="0"/>
      <line num="45" type="stmt" count="0"/>
      <line num="46" type="stmt" count="0"/>
      <line num="47" type="stmt" count="0"/>
      <line num="48" type="stmt" count="0"/>
      <line num="49" type="stmt" count="0"/>
      <line num="50" type="stmt" count="0"/>
      <line num="51" type="stmt" count="0"/>
      <line num="52" type="stmt" count="0"/>
      <line num="53" type="stmt" count="0"/>
      <line num="54" type="stmt" count="0"/>
      <line num="55" type="stmt" count="0"/>
      <line num="56" type="stmt" count="0"/>
      <line num="57" type="stmt" count="0"/>
      <line num="58" type="stmt" count="0"/>
      <line num="59" type="stmt" count="0"/>
      <line num="60" type="stmt" count="0"/>
      <line num="61" type="stmt" count="0"/>
      <line num="62" type="stmt" count="0"/>
      <line num="63" type="stmt" count="0"/>
      <line num="64" type="stmt" count="0"/>
      <line num="65" type="stmt" count="0"/>
      <line num="66" type="stmt" count="0"/>
      <line num="67" type="stmt" count="0"/>
      <line num="68" type="stmt" count="0"/>
      <line num="69" type="stmt" count="0"/>
      <line num="70" type="stmt" count="0"/>
      <line num="71" type="stmt" count="0"/>
      <line num="72" type="stmt" count="0"/>
      <line num="75" type="stmt" count="0"/>
      <line num="76" type="stmt" count="0"/>
      <line num="77" type="stmt" count="0"/>
      <line num="81" type="stmt" count="0"/>
      <line num="83" type="stmt" count="0"/>
      <line num="84" type="stmt" count="0"/>
      <line num="85" type="stmt" count="0"/>
      <line num="86" type="stmt" count="0"/>
      <line num="87" type="stmt" count="0"/>
      <line num="88" type="stmt" count="0"/>
      <line num="89" type="stmt" count="0"/>
      <line num="90" type="stmt" count="0"/>
      <line num="91" type="stmt" count="0"/>
      <line num="94" type="stmt" count="0"/>
      <line num="95" type="stmt" count="0"/>
      <line num="96" type="stmt" count="0"/>
      <line num="97" type="stmt" count="0"/>
      <line num="98" type="stmt" count="0"/>
      <line num="99" type="stmt" count="0"/>
      <line num="100" type="stmt" count="0"/>
      <line num="101" type="stmt" count="0"/>
      <line num="102" type="stmt" count="0"/>
      <line num="103" type="stmt" count="0"/>
      <line num="104" type="stmt" count="0"/>
      <line num="107" type="stmt" count="0"/>
      <line num="108" type="stmt" count="0"/>
      <line num="109" type="stmt" count="0"/>
      <line num="112" type="method" name="setQuantity" visibility="public" complexity="2" crap="6" count="0"/>
      <line num="119" type="stmt" count="0"/>
      <line num="121" type="stmt" count="0"/>
      <line num="122" type="stmt" count="0"/>
      <line num="123" type="stmt" count="0"/>
      <metrics loc="127" ncloc="127" classes="1" methods="3" coveredmethods="0" conditionals="0" coveredconditionals="0" statements="69" coveredstatements="0" elements="72" coveredelements="0"/>
    </file>
    <file name="/home/rsalwa/projects/php/interview-client-php/src/Controller/CartCheckoutController.php">
      <class name="App\Controller\CartCheckoutController" namespace="global">
        <metrics complexity="4" methods="2" coveredmethods="0" conditionals="0" coveredconditionals="0" statements="29" coveredstatements="0" elements="31" coveredelements="0"/>
      </class>
      <line num="19" type="stmt" count="0"/>
      <line num="20" type="stmt" count="0"/>
      <line num="21" type="stmt" count="0"/>
      <line num="24" type="method" name="index" visibility="public" complexity="3" crap="12" count="0"/>
      <line num="31" type="stmt" count="0"/>
      <line num="32" type="stmt" count="0"/>
      <line num="33" type="stmt" count="0"/>
      <line num="35" type="stmt" count="0"/>
      <line num="36" type="stmt" count="0"/>
      <line num="37" type="stmt" count="0"/>
      <line num="38" type="stmt" count="0"/>
      <line num="40" type="stmt" count="0"/>
      <line num="42" type="stmt" count="0"/>
      <line num="43" type="stmt" count="0"/>
      <line num="44" type="stmt" count="0"/>
      <line num="45" type="stmt" count="0"/>
      <line num="46" type="stmt" count="0"/>
      <line num="47" type="stmt" count="0"/>
      <line num="48" type="stmt" count="0"/>
      <line num="49" type="stmt" count="0"/>
      <line num="50" type="stmt" count="0"/>
      <line num="51" type="stmt" count="0"/>
      <line num="52" type="stmt" count="0"/>
      <line num="55" type="method" name="deliveryAddress" visibility="public" complexity="1" crap="2" count="0"/>
      <line num="58" type="stmt" count="0"/>
      <line num="59" type="stmt" count="0"/>
      <line num="61" type="stmt" count="0"/>
      <line num="62" type="stmt" count="0"/>
      <line num="63" type="stmt" count="0"/>
      <line num="64" type="stmt" count="0"/>
      <line num="65" type="stmt" count="0"/>
      <line num="66" type="stmt" count="0"/>
      <metrics loc="69" ncloc="69" classes="1" methods="2" coveredmethods="0" conditionals="0" coveredconditionals="0" statements="32" coveredstatements="0" elements="34" coveredelements="0"/>
    </file>
    <file name="/home/rsalwa/projects/php/interview-client-php/src/Controller/CartController.php">
      <class name="App\Controller\CartController" namespace="global">
        <metrics complexity="9" methods="5" coveredmethods="0" conditionals="0" coveredconditionals="0" statements="30" coveredstatements="0" elements="35" coveredelements="0"/>
      </class>
      <line num="23" type="stmt" count="0"/>
      <line num="24" type="stmt" count="0"/>
      <line num="25" type="stmt" count="0"/>
      <line num="28" type="method" name="addToCart" visibility="public" complexity="2" crap="6" count="0"/>
      <line num="32" type="stmt" count="0"/>
      <line num="33" type="stmt" count="0"/>
      <line num="34" type="stmt" count="0"/>
      <line num="37" type="stmt" count="0"/>
      <line num="40" type="method" name="post" visibility="public" complexity="2" crap="6" count="0"/>
      <line num="47" type="stmt" count="0"/>
      <line num="48" type="stmt" count="0"/>
      <line num="49" type="stmt" count="0"/>
      <line num="52" type="stmt" count="0"/>
      <line num="55" type="method" name="removeFromCart" visibility="public" complexity="2" crap="6" count="0"/>
      <line num="59" type="stmt" count="0"/>
      <line num="60" type="stmt" count="0"/>
      <line num="61" type="stmt" count="0"/>
      <line num="64" type="stmt" count="0"/>
      <line num="67" type="method" name="addCoupon" visibility="public" complexity="2" crap="6" count="0"/>
      <line num="71" type="stmt" count="0"/>
      <line num="72" type="stmt" count="0"/>
      <line num="73" type="stmt" count="0"/>
      <line num="74" type="stmt" count="0"/>
      <line num="77" type="stmt" count="0"/>
      <line num="80" type="method" name="show" visibility="public" complexity="1" crap="2" count="0"/>
      <line num="83" type="stmt" count="0"/>
      <line num="85" type="stmt" count="0"/>
      <line num="86" type="stmt" count="0"/>
      <line num="87" type="stmt" count="0"/>
      <line num="88" type="stmt" count="0"/>
      <line num="89" type="stmt" count="0"/>
      <line num="90" type="stmt" count="0"/>
      <line num="91" type="stmt" count="0"/>
      <metrics loc="94" ncloc="94" classes="1" methods="5" coveredmethods="0" conditionals="0" coveredconditionals="0" statements="33" coveredstatements="0" elements="38" coveredelements="0"/>
    </file>
    <file name="/home/rsalwa/projects/php/interview-client-php/src/Controller/GRPC/AuthController.php">
      <class name="App\Controller\GRPC\AuthController" namespace="global">
        <metrics complexity="13" methods="5" coveredmethods="0" conditionals="0" coveredconditionals="0" statements="59" coveredstatements="0" elements="64" coveredelements="0"/>
      </class>
      <line num="21" type="stmt" count="0"/>
      <line num="22" type="stmt" count="0"/>
      <line num="25" type="method" name="index" visibility="public" complexity="1" crap="2" count="0"/>
      <line num="28" type="stmt" count="0"/>
      <line num="31" type="method" name="signUp" visibility="public" complexity="3" crap="12" count="0"/>
      <line num="34" type="stmt" count="0"/>
      <line num="35" type="stmt" count="0"/>
      <line num="37" type="stmt" count="0"/>
      <line num="38" type="stmt" count="0"/>
      <line num="39" type="stmt" count="0"/>
      <line num="42" type="stmt" count="0"/>
      <line num="43" type="stmt" count="0"/>
      <line num="44" type="stmt" count="0"/>
      <line num="45" type="stmt" count="0"/>
      <line num="46" type="stmt" count="0"/>
      <line num="47" type="stmt" count="0"/>
      <line num="48" type="stmt" count="0"/>
      <line num="51" type="method" name="verifyUser" visibility="public" complexity="3" crap="12" count="0"/>
      <line num="54" type="stmt" count="0"/>
      <line num="56" type="stmt" count="0"/>
      <line num="57" type="stmt" count="0"/>
      <line num="58" type="stmt" count="0"/>
      <line num="59" type="stmt" count="0"/>
      <line num="62" type="stmt" count="0"/>
      <line num="63" type="stmt" count="0"/>
      <line num="64" type="stmt" count="0"/>
      <line num="65" type="stmt" count="0"/>
      <line num="66" type="stmt" count="0"/>
      <line num="67" type="stmt" count="0"/>
      <line num="68" type="stmt" count="0"/>
      <line num="69" type="stmt" count="0"/>
      <line num="72" type="method" name="signIn" visibility="public" complexity="3" crap="12" count="0"/>
      <line num="75" type="stmt" count="0"/>
      <line num="76" type="stmt" count="0"/>
      <line num="78" type="stmt" count="0"/>
      <line num="79" type="stmt" count="0"/>
      <line num="80" type="stmt" count="0"/>
      <line num="83" type="stmt" count="0"/>
      <line num="84" type="stmt" count="0"/>
      <line num="85" type="stmt" count="0"/>
      <line num="86" type="stmt" count="0"/>
      <line num="87" type="stmt" count="0"/>
      <line num="88" type="stmt" count="0"/>
      <line num="89" type="stmt" count="0"/>
      <line num="90" type="stmt" count="0"/>
      <line num="93" type="method" name="getUserDetails" visibility="public" complexity="3" crap="12" count="0"/>
      <line num="96" type="stmt" count="0"/>
      <line num="97" type="stmt" count="0"/>
      <line num="99" type="stmt" count="0"/>
      <line num="100" type="stmt" count="0"/>
      <line num="101" type="stmt" count="0"/>
      <line num="102" type="stmt" count="0"/>
      <line num="105" type="stmt" count="0"/>
      <line num="106" type="stmt" count="0"/>
      <line num="107" type="stmt" count="0"/>
      <line num="108" type="stmt" count="0"/>
      <line num="109" type="stmt" count="0"/>
      <line num="110" type="stmt" count="0"/>
      <line num="111" type="stmt" count="0"/>
      <line num="112" type="stmt" count="0"/>
      <line num="113" type="stmt" count="0"/>
      <metrics loc="116" ncloc="116" classes="1" methods="5" coveredmethods="0" conditionals="0" coveredconditionals="0" statements="61" coveredstatements="0" elements="66" coveredelements="0"/>
    </file>
    <file name="/home/rsalwa/projects/php/interview-client-php/src/Controller/HealthcheckController.php">
      <class name="App\Controller\HealthcheckController" namespace="global">
        <metrics complexity="1" methods="1" coveredmethods="0" conditionals="0" coveredconditionals="0" statements="2" coveredstatements="0" elements="3" coveredelements="0"/>
      </class>
      <line num="11" type="stmt" count="0"/>
      <line num="12" type="stmt" count="0"/>
      <line num="15" type="method" name="healthcheck" visibility="public" complexity="1" crap="2" count="0"/>
      <line num="18" type="stmt" count="0"/>
      <metrics loc="21" ncloc="21" classes="1" methods="1" coveredmethods="0" conditionals="0" coveredconditionals="0" statements="4" coveredstatements="0" elements="5" coveredelements="0"/>
    </file>
    <file name="/home/rsalwa/projects/php/interview-client-php/src/Controller/IndexController.php">
      <class name="App\Controller\IndexController" namespace="global">
        <metrics complexity="1" methods="1" coveredmethods="0" conditionals="0" coveredconditionals="0" statements="2" coveredstatements="0" elements="3" coveredelements="0"/>
      </class>
      <line num="11" type="stmt" count="0"/>
      <line num="12" type="stmt" count="0"/>
      <line num="15" type="method" name="index" visibility="public" complexity="1" crap="2" count="0"/>
      <line num="18" type="stmt" count="0"/>
      <metrics loc="21" ncloc="21" classes="1" methods="1" coveredmethods="0" conditionals="0" coveredconditionals="0" statements="4" coveredstatements="0" elements="5" coveredelements="0"/>
    </file>
    <file name="/home/rsalwa/projects/php/interview-client-php/src/Controller/LoginController.php">
      <class name="App\Controller\LoginController" namespace="global">
        <metrics complexity="3" methods="2" coveredmethods="0" conditionals="0" coveredconditionals="0" statements="15" coveredstatements="0" elements="17" coveredelements="0"/>
      </class>
      <line num="14" type="stmt" count="0"/>
      <line num="15" type="stmt" count="0"/>
      <line num="18" type="method" name="login" visibility="public" complexity="2" crap="6" count="0"/>
      <line num="21" type="stmt" count="0"/>
      <line num="22" type="stmt" count="0"/>
      <line num="25" type="stmt" count="0"/>
      <line num="26" type="stmt" count="0"/>
      <line num="28" type="stmt" count="0"/>
      <line num="29" type="stmt" count="0"/>
      <line num="30" type="stmt" count="0"/>
      <line num="31" type="stmt" count="0"/>
      <line num="32" type="stmt" count="0"/>
      <line num="33" type="stmt" count="0"/>
      <line num="34" type="stmt" count="0"/>
      <line num="37" type="method" name="logout" visibility="public" complexity="1" crap="2" count="0"/>
      <line num="40" type="stmt" count="0"/>
      <line num="42" type="stmt" count="0"/>
      <metrics loc="45" ncloc="45" classes="1" methods="2" coveredmethods="0" conditionals="0" coveredconditionals="0" statements="17" coveredstatements="0" elements="19" coveredelements="0"/>
    </file>
    <file name="/home/rsalwa/projects/php/interview-client-php/src/Controller/OAuth2Api/CartApiController.php">
      <class name="App\Controller\OAuth2Api\CartApiController" namespace="global">
        <metrics complexity="6" methods="2" coveredmethods="0" conditionals="0" coveredconditionals="0" statements="65" coveredstatements="0" elements="67" coveredelements="0"/>
      </class>
      <line num="27" type="stmt" count="0"/>
      <line num="28" type="stmt" count="0"/>
      <line num="31" type="method" name="index" visibility="public" complexity="1" crap="2" count="0"/>
      <line num="32" type="stmt" count="0"/>
      <line num="33" type="stmt" count="0"/>
      <line num="36" type="stmt" count="0"/>
      <line num="37" type="stmt" count="0"/>
      <line num="39" type="stmt" count="0"/>
      <line num="42" type="method" name="add" visibility="public" complexity="5" crap="30" count="0"/>
      <line num="43" type="stmt" count="0"/>
      <line num="44" type="stmt" count="0"/>
      <line num="45" type="stmt" count="0"/>
      <line num="46" type="stmt" count="0"/>
      <line num="47" type="stmt" count="0"/>
      <line num="48" type="stmt" count="0"/>
      <line num="49" type="stmt" count="0"/>
      <line num="50" type="stmt" count="0"/>
      <line num="51" type="stmt" count="0"/>
      <line num="52" type="stmt" count="0"/>
      <line num="53" type="stmt" count="0"/>
      <line num="54" type="stmt" count="0"/>
      <line num="55" type="stmt" count="0"/>
      <line num="56" type="stmt" count="0"/>
      <line num="57" type="stmt" count="0"/>
      <line num="58" type="stmt" count="0"/>
      <line num="59" type="stmt" count="0"/>
      <line num="60" type="stmt" count="0"/>
      <line num="61" type="stmt" count="0"/>
      <line num="62" type="stmt" count="0"/>
      <line num="63" type="stmt" count="0"/>
      <line num="64" type="stmt" count="0"/>
      <line num="65" type="stmt" count="0"/>
      <line num="66" type="stmt" count="0"/>
      <line num="67" type="stmt" count="0"/>
      <line num="68" type="stmt" count="0"/>
      <line num="69" type="stmt" count="0"/>
      <line num="70" type="stmt" count="0"/>
      <line num="73" type="stmt" count="0"/>
      <line num="74" type="stmt" count="0"/>
      <line num="75" type="stmt" count="0"/>
      <line num="79" type="stmt" count="0"/>
      <line num="81" type="stmt" count="0"/>
      <line num="82" type="stmt" count="0"/>
      <line num="83" type="stmt" count="0"/>
      <line num="84" type="stmt" count="0"/>
      <line num="85" type="stmt" count="0"/>
      <line num="86" type="stmt" count="0"/>
      <line num="87" type="stmt" count="0"/>
      <line num="88" type="stmt" count="0"/>
      <line num="89" type="stmt" count="0"/>
      <line num="92" type="stmt" count="0"/>
      <line num="93" type="stmt" count="0"/>
      <line num="94" type="stmt" count="0"/>
      <line num="95" type="stmt" count="0"/>
      <line num="96" type="stmt" count="0"/>
      <line num="97" type="stmt" count="0"/>
      <line num="98" type="stmt" count="0"/>
      <line num="99" type="stmt" count="0"/>
      <line num="100" type="stmt" count="0"/>
      <line num="101" type="stmt" count="0"/>
      <line num="102" type="stmt" count="0"/>
      <line num="103" type="stmt" count="0"/>
      <line num="104" type="stmt" count="0"/>
      <line num="105" type="stmt" count="0"/>
      <line num="108" type="stmt" count="0"/>
      <line num="109" type="stmt" count="0"/>
      <line num="110" type="stmt" count="0"/>
      <metrics loc="113" ncloc="113" classes="1" methods="2" coveredmethods="0" conditionals="0" coveredconditionals="0" statements="67" coveredstatements="0" elements="69" coveredelements="0"/>
    </file>
    <file name="/home/rsalwa/projects/php/interview-client-php/src/Controller/OAuth2Api/OAuthTokenController.php">
      <class name="App\Controller\OAuth2Api\OAuthTokenController" namespace="global">
        <metrics complexity="6" methods="3" coveredmethods="0" conditionals="0" coveredconditionals="0" statements="38" coveredstatements="0" elements="41" coveredelements="0"/>
      </class>
      <line num="20" type="stmt" count="0"/>
      <line num="21" type="stmt" count="0"/>
      <line num="24" type="method" name="index" visibility="public" complexity="1" crap="2" count="0"/>
      <line num="27" type="stmt" count="0"/>
      <line num="30" type="method" name="callback" visibility="public" complexity="2" crap="6" count="0"/>
      <line num="33" type="stmt" count="0"/>
      <line num="34" type="stmt" count="0"/>
      <line num="37" type="stmt" count="0"/>
      <line num="38" type="stmt" count="0"/>
      <line num="39" type="stmt" count="0"/>
      <line num="40" type="stmt" count="0"/>
      <line num="41" type="stmt" count="0"/>
      <line num="42" type="stmt" count="0"/>
      <line num="43" type="stmt" count="0"/>
      <line num="45" type="stmt" count="0"/>
      <line num="46" type="stmt" count="0"/>
      <line num="47" type="stmt" count="0"/>
      <line num="48" type="stmt" count="0"/>
      <line num="49" type="stmt" count="0"/>
      <line num="50" type="stmt" count="0"/>
      <line num="51" type="stmt" count="0"/>
      <line num="54" type="method" name="consent" visibility="public" complexity="3" crap="12" count="0"/>
      <line num="57" type="stmt" count="0"/>
      <line num="58" type="stmt" count="0"/>
      <line num="59" type="stmt" count="0"/>
      <line num="60" type="stmt" count="0"/>
      <line num="61" type="stmt" count="0"/>
      <line num="62" type="stmt" count="0"/>
      <line num="63" type="stmt" count="0"/>
      <line num="65" type="stmt" count="0"/>
      <line num="66" type="stmt" count="0"/>
      <line num="67" type="stmt" count="0"/>
      <line num="68" type="stmt" count="0"/>
      <line num="70" type="stmt" count="0"/>
      <line num="73" type="stmt" count="0"/>
      <line num="74" type="stmt" count="0"/>
      <line num="75" type="stmt" count="0"/>
      <line num="76" type="stmt" count="0"/>
      <line num="78" type="stmt" count="0"/>
      <line num="81" type="stmt" count="0"/>
      <metrics loc="84" ncloc="84" classes="1" methods="3" coveredmethods="0" conditionals="0" coveredconditionals="0" statements="40" coveredstatements="0" elements="43" coveredelements="0"/>
    </file>
    <file name="/home/rsalwa/projects/php/interview-client-php/src/Controller/OrderController.php">
      <class name="App\Controller\OrderController" namespace="global">
        <metrics complexity="9" methods="5" coveredmethods="0" conditionals="0" coveredconditionals="0" statements="49" coveredstatements="0" elements="54" coveredelements="0"/>
      </class>
      <line num="22" type="stmt" count="0"/>
      <line num="23" type="stmt" count="0"/>
      <line num="24" type="stmt" count="0"/>
      <line num="27" type="method" name="createPendingOrder" visibility="public" complexity="2" crap="6" count="0"/>
      <line num="31" type="stmt" count="0"/>
      <line num="32" type="stmt" count="0"/>
      <line num="33" type="stmt" count="0"/>
      <line num="34" type="stmt" count="0"/>
      <line num="37" type="stmt" count="0"/>
      <line num="38" type="stmt" count="0"/>
      <line num="39" type="stmt" count="0"/>
      <line num="40" type="stmt" count="0"/>
      <line num="41" type="stmt" count="0"/>
      <line num="42" type="stmt" count="0"/>
      <line num="45" type="method" name="pending" visibility="public" complexity="4" crap="20" count="0"/>
      <line num="48" type="stmt" count="0"/>
      <line num="50" type="stmt" count="0"/>
      <line num="51" type="stmt" count="0"/>
      <line num="53" type="stmt" count="0"/>
      <line num="54" type="stmt" count="0"/>
      <line num="55" type="stmt" count="0"/>
      <line num="57" type="stmt" count="0"/>
      <line num="60" type="stmt" count="0"/>
      <line num="61" type="stmt" count="0"/>
      <line num="62" type="stmt" count="0"/>
      <line num="63" type="stmt" count="0"/>
      <line num="64" type="stmt" count="0"/>
      <line num="65" type="stmt" count="0"/>
      <line num="66" type="stmt" count="0"/>
      <line num="67" type="stmt" count="0"/>
      <line num="70" type="method" name="summaryOrder" visibility="public" complexity="1" crap="2" count="0"/>
      <line num="76" type="stmt" count="0"/>
      <line num="78" type="stmt" count="0"/>
      <line num="79" type="stmt" count="0"/>
      <line num="80" type="stmt" count="0"/>
      <line num="81" type="stmt" count="0"/>
      <line num="82" type="stmt" count="0"/>
      <line num="83" type="stmt" count="0"/>
      <line num="84" type="stmt" count="0"/>
      <line num="87" type="method" name="index" visibility="public" complexity="1" crap="2" count="0"/>
      <line num="90" type="stmt" count="0"/>
      <line num="92" type="stmt" count="0"/>
      <line num="93" type="stmt" count="0"/>
      <line num="94" type="stmt" count="0"/>
      <line num="95" type="stmt" count="0"/>
      <line num="98" type="method" name="show" visibility="public" complexity="1" crap="2" count="0"/>
      <line num="101" type="stmt" count="0"/>
      <line num="102" type="stmt" count="0"/>
      <line num="104" type="stmt" count="0"/>
      <line num="105" type="stmt" count="0"/>
      <line num="106" type="stmt" count="0"/>
      <line num="107" type="stmt" count="0"/>
      <metrics loc="110" ncloc="110" classes="1" methods="5" coveredmethods="0" conditionals="0" coveredconditionals="0" statements="52" coveredstatements="0" elements="57" coveredelements="0"/>
    </file>
    <file name="/home/rsalwa/projects/php/interview-client-php/src/Controller/PaymentController.php">
      <class name="App\Controller\PaymentController" namespace="global">
        <metrics complexity="0" methods="0" coveredmethods="0" conditionals="0" coveredconditionals="0" statements="0" coveredstatements="0" elements="0" coveredelements="0"/>
      </class>
      <line num="10" type="stmt" count="0"/>
      <line num="11" type="stmt" count="0"/>
      <metrics loc="15" ncloc="15" classes="0" methods="0" coveredmethods="0" conditionals="0" coveredconditionals="0" statements="2" coveredstatements="0" elements="2" coveredelements="0"/>
    </file>
    <file name="/home/rsalwa/projects/php/interview-client-php/src/Controller/ProductController.php">
      <class name="App\Controller\ProductController" namespace="global">
        <metrics complexity="2" methods="2" coveredmethods="0" conditionals="0" coveredconditionals="0" statements="15" coveredstatements="0" elements="17" coveredelements="0"/>
      </class>
      <line num="14" type="stmt" count="0"/>
      <line num="15" type="stmt" count="0"/>
      <line num="18" type="method" name="index" visibility="public" complexity="1" crap="2" count="0"/>
      <line num="19" type="stmt" count="0"/>
      <line num="20" type="stmt" count="0"/>
      <line num="21" type="stmt" count="0"/>
      <line num="22" type="stmt" count="0"/>
      <line num="23" type="stmt" count="0"/>
      <line num="26" type="stmt" count="0"/>
      <line num="27" type="stmt" count="0"/>
      <line num="28" type="stmt" count="0"/>
      <line num="29" type="stmt" count="0"/>
      <line num="32" type="method" name="details" visibility="public" complexity="1" crap="2" count="0"/>
      <line num="35" type="stmt" count="0"/>
      <line num="36" type="stmt" count="0"/>
      <line num="37" type="stmt" count="0"/>
      <line num="38" type="stmt" count="0"/>
      <metrics loc="41" ncloc="40" classes="1" methods="2" coveredmethods="0" conditionals="0" coveredconditionals="0" statements="17" coveredstatements="0" elements="19" coveredelements="0"/>
    </file>
    <file name="/home/rsalwa/projects/php/interview-client-php/src/Controller/ProfileController.php">
      <class name="App\Controller\ProfileController" namespace="global">
        <metrics complexity="3" methods="3" coveredmethods="0" conditionals="0" coveredconditionals="0" statements="24" coveredstatements="0" elements="27" coveredelements="0"/>
      </class>
      <line num="16" type="stmt" count="0"/>
      <line num="17" type="stmt" count="0"/>
      <line num="18" type="stmt" count="0"/>
      <line num="21" type="method" name="index" visibility="public" complexity="1" crap="2" count="0"/>
      <line num="24" type="stmt" count="0"/>
      <line num="25" type="stmt" count="0"/>
      <line num="26" type="stmt" count="0"/>
      <line num="27" type="stmt" count="0"/>
      <line num="28" type="stmt" count="0"/>
      <line num="29" type="stmt" count="0"/>
      <line num="30" type="stmt" count="0"/>
      <line num="31" type="stmt" count="0"/>
      <line num="32" type="stmt" count="0"/>
      <line num="33" type="stmt" count="0"/>
      <line num="34" type="stmt" count="0"/>
      <line num="37" type="method" name="addressbook" visibility="public" complexity="1" crap="2" count="0"/>
      <line num="40" type="stmt" count="0"/>
      <line num="41" type="stmt" count="0"/>
      <line num="42" type="stmt" count="0"/>
      <line num="43" type="stmt" count="0"/>
      <line num="44" type="stmt" count="0"/>
      <line num="45" type="stmt" count="0"/>
      <line num="46" type="stmt" count="0"/>
      <line num="49" type="method" name="clear" visibility="public" complexity="1" crap="2" count="0"/>
      <line num="52" type="stmt" count="0"/>
      <line num="53" type="stmt" count="0"/>
      <line num="55" type="stmt" count="0"/>
      <metrics loc="58" ncloc="58" classes="1" methods="3" coveredmethods="0" conditionals="0" coveredconditionals="0" statements="27" coveredstatements="0" elements="30" coveredelements="0"/>
    </file>
    <file name="/home/rsalwa/projects/php/interview-client-php/src/Controller/RegistrationController.php">
      <class name="App\Controller\RegistrationController" namespace="global">
        <metrics complexity="14" methods="5" coveredmethods="0" conditionals="0" coveredconditionals="0" statements="61" coveredstatements="0" elements="66" coveredelements="0"/>
      </class>
      <line num="23" type="stmt" count="0"/>
      <line num="24" type="stmt" count="0"/>
      <line num="27" type="method" name="register" visibility="public" complexity="4" crap="20" count="0"/>
      <line num="30" type="stmt" count="0"/>
      <line num="31" type="stmt" count="0"/>
      <line num="32" type="stmt" count="0"/>
      <line num="34" type="stmt" count="0"/>
      <line num="35" type="stmt" count="0"/>
      <line num="37" type="stmt" count="0"/>
      <line num="39" type="stmt" count="0"/>
      <line num="40" type="stmt" count="0"/>
      <line num="41" type="stmt" count="0"/>
      <line num="45" type="stmt" count="0"/>
      <line num="46" type="stmt" count="0"/>
      <line num="47" type="stmt" count="0"/>
      <line num="48" type="stmt" count="0"/>
      <line num="49" type="stmt" count="0"/>
      <line num="50" type="stmt" count="0"/>
      <line num="53" type="method" name="confirmUserEmail" visibility="public" complexity="4" crap="20" count="0"/>
      <line num="56" type="stmt" count="0"/>
      <line num="57" type="stmt" count="0"/>
      <line num="59" type="stmt" count="0"/>
      <line num="61" type="stmt" count="0"/>
      <line num="63" type="stmt" count="0"/>
      <line num="64" type="stmt" count="0"/>
      <line num="65" type="stmt" count="0"/>
      <line num="66" type="stmt" count="0"/>
      <line num="67" type="stmt" count="0"/>
      <line num="68" type="stmt" count="0"/>
      <line num="72" type="stmt" count="0"/>
      <line num="73" type="stmt" count="0"/>
      <line num="74" type="stmt" count="0"/>
      <line num="75" type="stmt" count="0"/>
      <line num="76" type="stmt" count="0"/>
      <line num="77" type="stmt" count="0"/>
      <line num="80" type="method" name="resendConfirmationEmail" visibility="public" complexity="4" crap="20" count="0"/>
      <line num="83" type="stmt" count="0"/>
      <line num="84" type="stmt" count="0"/>
      <line num="86" type="stmt" count="0"/>
      <line num="88" type="stmt" count="0"/>
      <line num="90" type="stmt" count="0"/>
      <line num="91" type="stmt" count="0"/>
      <line num="92" type="stmt" count="0"/>
      <line num="93" type="stmt" count="0"/>
      <line num="94" type="stmt" count="0"/>
      <line num="95" type="stmt" count="0"/>
      <line num="99" type="stmt" count="0"/>
      <line num="100" type="stmt" count="0"/>
      <line num="101" type="stmt" count="0"/>
      <line num="102" type="stmt" count="0"/>
      <line num="103" type="stmt" count="0"/>
      <line num="104" type="stmt" count="0"/>
      <line num="107" type="method" name="verifyUserEmail" visibility="public" complexity="1" crap="2" count="0"/>
      <line num="110" type="stmt" count="0"/>
      <line num="112" type="stmt" count="0"/>
      <line num="113" type="stmt" count="0"/>
      <line num="114" type="stmt" count="0"/>
      <line num="115" type="stmt" count="0"/>
      <line num="118" type="method" name="thankYouPage" visibility="public" complexity="1" crap="2" count="0"/>
      <line num="126" type="stmt" count="0"/>
      <line num="127" type="stmt" count="0"/>
      <line num="128" type="stmt" count="0"/>
      <line num="130" type="stmt" count="0"/>
      <metrics loc="133" ncloc="133" classes="1" methods="5" coveredmethods="0" conditionals="0" coveredconditionals="0" statements="63" coveredstatements="0" elements="68" coveredelements="0"/>
    </file>
    <file name="/home/rsalwa/projects/php/interview-client-php/src/Controller/SubscriptionController.php">
      <class name="App\Controller\SubscriptionController" namespace="global">
        <metrics complexity="3" methods="2" coveredmethods="0" conditionals="0" coveredconditionals="0" statements="14" coveredstatements="0" elements="16" coveredelements="0"/>
      </class>
      <line num="15" type="stmt" count="0"/>
      <line num="16" type="stmt" count="0"/>
      <line num="17" type="stmt" count="0"/>
      <line num="20" type="method" name="index" visibility="public" complexity="1" crap="2" count="0"/>
      <line num="23" type="stmt" count="0"/>
      <line num="25" type="stmt" count="0"/>
      <line num="26" type="stmt" count="0"/>
      <line num="27" type="stmt" count="0"/>
      <line num="28" type="stmt" count="0"/>
      <line num="31" type="method" name="order" visibility="public" complexity="2" crap="6" count="0"/>
      <line num="37" type="stmt" count="0"/>
      <line num="38" type="stmt" count="0"/>
      <line num="39" type="stmt" count="0"/>
      <line num="41" type="stmt" count="0"/>
      <line num="43" type="stmt" count="0"/>
      <line num="44" type="stmt" count="0"/>
      <line num="46" type="stmt" count="0"/>
      <metrics loc="49" ncloc="49" classes="1" methods="2" coveredmethods="0" conditionals="0" coveredconditionals="0" statements="17" coveredstatements="0" elements="19" coveredelements="0"/>
    </file>
    <file name="/home/rsalwa/projects/php/interview-client-php/src/Controller/WishlistController.php">
      <class name="App\Controller\WishlistController" namespace="global">
        <metrics complexity="1" methods="1" coveredmethods="0" conditionals="0" coveredconditionals="0" statements="2" coveredstatements="0" elements="3" coveredelements="0"/>
      </class>
      <line num="11" type="stmt" count="0"/>
      <line num="12" type="stmt" count="0"/>
      <line num="15" type="method" name="index" visibility="public" complexity="1" crap="2" count="0"/>
      <line num="18" type="stmt" count="0"/>
      <metrics loc="21" ncloc="21" classes="1" methods="1" coveredmethods="0" conditionals="0" coveredconditionals="0" statements="4" coveredstatements="0" elements="5" coveredelements="0"/>
    </file>
    <file name="/home/rsalwa/projects/php/interview-client-php/src/DataFixtures/AppFixtures.php">
      <class name="App\DataFixtures\AppFixtures" namespace="global">
        <metrics complexity="1" methods="1" coveredmethods="0" conditionals="0" coveredconditionals="0" statements="3" coveredstatements="0" elements="4" coveredelements="0"/>
      </class>
      <line num="13" type="method" name="load" visibility="public" complexity="1" crap="2" count="0"/>
      <line num="15" type="stmt" count="0"/>
      <line num="16" type="stmt" count="0"/>
      <line num="18" type="stmt" count="0"/>
      <metrics loc="21" ncloc="21" classes="1" methods="1" coveredmethods="0" conditionals="0" coveredconditionals="0" statements="3" coveredstatements="0" elements="4" coveredelements="0"/>
    </file>
    <file name="/home/rsalwa/projects/php/interview-client-php/src/Entity/AbstractCartItem.php">
      <class name="App\Entity\AbstractCartItem" namespace="global">
        <metrics complexity="12" methods="12" coveredmethods="0" conditionals="0" coveredconditionals="0" statements="15" coveredstatements="0" elements="27" coveredelements="0"/>
      </class>
      <line num="29" type="stmt" count="0"/>
      <line num="30" type="stmt" count="0"/>
      <line num="31" type="stmt" count="0"/>
      <line num="32" type="stmt" count="0"/>
      <line num="33" type="stmt" count="0"/>
      <line num="57" type="method" name="__construct" visibility="public" complexity="1" crap="2" count="0"/>
      <line num="59" type="stmt" count="0"/>
      <line num="60" type="stmt" count="0"/>
      <line num="62" type="stmt" count="0"/>
      <line num="65" type="method" name="setCart" visibility="public" complexity="1" crap="2" count="0"/>
      <line num="67" type="stmt" count="0"/>
      <line num="70" type="method" name="getName" visibility="public" complexity="1" crap="2" count="0"/>
      <line num="72" type="stmt" count="0"/>
      <line num="75" type="method" name="getTypeName" visibility="public" complexity="1" crap="2" count="0"/>
      <line num="77" type="stmt" count="0"/>
      <line num="80" type="method" name="getType" visibility="public" complexity="1" crap="2" count="0"/>
      <line num="82" type="stmt" count="0"/>
      <line num="85" type="method" name="getReferencedEntity" visibility="public" complexity="1" crap="2" count="0"/>
      <line num="87" type="stmt" count="0"/>
      <line num="90" type="method" name="getId" visibility="public" complexity="1" crap="2" count="0"/>
      <line num="92" type="stmt" count="0"/>
      <line num="95" type="method" name="getTotalPrice" visibility="public" complexity="1" crap="2" count="0"/>
      <line num="97" type="stmt" count="0"/>
      <line num="100" type="method" name="getQuantity" visibility="public" complexity="1" crap="2" count="0"/>
      <line num="102" type="stmt" count="0"/>
      <line num="105" type="method" name="getPrice" visibility="public" complexity="1" crap="2" count="0"/>
      <line num="107" type="stmt" count="0"/>
      <line num="110" type="method" name="updateQuantity" visibility="public" complexity="1" crap="2" count="0"/>
      <line num="112" type="stmt" count="0"/>
      <line num="113" type="stmt" count="0"/>
      <line num="116" type="method" name="getItemType" visibility="public" complexity="1" crap="2" count="0"/>
      <line num="118" type="stmt" count="0"/>
      <metrics loc="121" ncloc="121" classes="1" methods="12" coveredmethods="0" conditionals="0" coveredconditionals="0" statements="20" coveredstatements="0" elements="32" coveredelements="0"/>
    </file>
    <file name="/home/rsalwa/projects/php/interview-client-php/src/Entity/Address.php">
      <class name="App\Entity\Address" namespace="global">
        <metrics complexity="24" methods="24" coveredmethods="0" conditionals="0" coveredconditionals="0" statements="24" coveredstatements="0" elements="48" coveredelements="0"/>
      </class>
      <line num="66" type="method" name="getFirstName" visibility="public" complexity="1" crap="2" count="0"/>
      <line num="68" type="stmt" count="0"/>
      <line num="71" type="method" name="setFirstName" visibility="public" complexity="1" crap="2" count="0"/>
      <line num="73" type="stmt" count="0"/>
      <line num="76" type="method" name="getLastName" visibility="public" complexity="1" crap="2" count="0"/>
      <line num="78" type="stmt" count="0"/>
      <line num="81" type="method" name="setLastName" visibility="public" complexity="1" crap="2" count="0"/>
      <line num="83" type="stmt" count="0"/>
      <line num="86" type="method" name="getAddressLine1" visibility="public" complexity="1" crap="2" count="0"/>
      <line num="88" type="stmt" count="0"/>
      <line num="91" type="method" name="setAddressLine1" visibility="public" complexity="1" crap="2" count="0"/>
      <line num="93" type="stmt" count="0"/>
      <line num="96" type="method" name="getAddressLine2" visibility="public" complexity="1" crap="2" count="0"/>
      <line num="98" type="stmt" count="0"/>
      <line num="101" type="method" name="setAddressLine2" visibility="public" complexity="1" crap="2" count="0"/>
      <line num="103" type="stmt" count="0"/>
      <line num="106" type="method" name="getPhoneNo" visibility="public" complexity="1" crap="2" count="0"/>
      <line num="108" type="stmt" count="0"/>
      <line num="111" type="method" name="setPhoneNo" visibility="public" complexity="1" crap="2" count="0"/>
      <line num="113" type="stmt" count="0"/>
      <line num="116" type="method" name="getCity" visibility="public" complexity="1" crap="2" count="0"/>
      <line num="118" type="stmt" count="0"/>
      <line num="121" type="method" name="setCity" visibility="public" complexity="1" crap="2" count="0"/>
      <line num="123" type="stmt" count="0"/>
      <line num="126" type="method" name="getState" visibility="public" complexity="1" crap="2" count="0"/>
      <line num="128" type="stmt" count="0"/>
      <line num="131" type="method" name="setState" visibility="public" complexity="1" crap="2" count="0"/>
      <line num="133" type="stmt" count="0"/>
      <line num="136" type="method" name="isDefault" visibility="public" complexity="1" crap="2" count="0"/>
      <line num="138" type="stmt" count="0"/>
      <line num="141" type="method" name="setDefault" visibility="public" complexity="1" crap="2" count="0"/>
      <line num="143" type="stmt" count="0"/>
      <line num="146" type="method" name="getPostalCode" visibility="public" complexity="1" crap="2" count="0"/>
      <line num="148" type="stmt" count="0"/>
      <line num="151" type="method" name="setPostalCode" visibility="public" complexity="1" crap="2" count="0"/>
      <line num="153" type="stmt" count="0"/>
      <line num="156" type="method" name="getCountry" visibility="public" complexity="1" crap="2" count="0"/>
      <line num="158" type="stmt" count="0"/>
      <line num="161" type="method" name="setCountry" visibility="public" complexity="1" crap="2" count="0"/>
      <line num="163" type="stmt" count="0"/>
      <line num="166" type="method" name="getUserId" visibility="public" complexity="1" crap="2" count="0"/>
      <line num="168" type="stmt" count="0"/>
      <line num="171" type="method" name="setUserId" visibility="public" complexity="1" crap="2" count="0"/>
      <line num="173" type="stmt" count="0"/>
      <line num="176" type="method" name="getId" visibility="public" complexity="1" crap="2" count="0"/>
      <line num="178" type="stmt" count="0"/>
      <line num="181" type="method" name="setId" visibility="public" complexity="1" crap="2" count="0"/>
      <line num="183" type="stmt" count="0"/>
      <metrics loc="186" ncloc="186" classes="1" methods="24" coveredmethods="0" conditionals="0" coveredconditionals="0" statements="24" coveredstatements="0" elements="48" coveredelements="0"/>
    </file>
    <file name="/home/rsalwa/projects/php/interview-client-php/src/Entity/Cart.php">
      <class name="App\Entity\Cart" namespace="global">
        <metrics complexity="31" methods="19" coveredmethods="0" conditionals="0" coveredconditionals="0" statements="73" coveredstatements="0" elements="92" coveredelements="0"/>
      </class>
      <line num="30" type="stmt" count="0"/>
      <line num="31" type="stmt" count="0"/>
      <line num="32" type="stmt" count="0"/>
      <line num="75" type="method" name="__construct" visibility="public" complexity="1" crap="2" count="0"/>
      <line num="77" type="stmt" count="0"/>
      <line num="78" type="stmt" count="0"/>
      <line num="82" type="method" name="addItem" visibility="public" complexity="3" crap="12" count="0"/>
      <line num="84" type="stmt" count="0"/>
      <line num="85" type="stmt" count="0"/>
      <line num="86" type="stmt" count="0"/>
      <line num="88" type="stmt" count="0"/>
      <line num="91" type="stmt" count="0"/>
      <line num="92" type="stmt" count="0"/>
      <line num="93" type="stmt" count="0"/>
      <line num="95" type="stmt" count="0"/>
      <line num="96" type="stmt" count="0"/>
      <line num="97" type="stmt" count="0"/>
      <line num="98" type="stmt" count="0"/>
      <line num="99" type="stmt" count="0"/>
      <line num="100" type="stmt" count="0"/>
      <line num="103" type="method" name="itemExists" visibility="public" complexity="3" crap="12" count="0"/>
      <line num="105" type="stmt" count="0"/>
      <line num="106" type="stmt" count="0"/>
      <line num="109" type="stmt" count="0"/>
      <line num="110" type="stmt" count="0"/>
      <line num="111" type="stmt" count="0"/>
      <line num="112" type="stmt" count="0"/>
      <line num="113" type="stmt" count="0"/>
      <line num="117" type="method" name="getItems" visibility="public" complexity="1" crap="2" count="0"/>
      <line num="119" type="stmt" count="0"/>
      <line num="122" type="method" name="getId" visibility="public" complexity="1" crap="2" count="0"/>
      <line num="124" type="stmt" count="0"/>
      <line num="127" type="method" name="getItem" visibility="public" complexity="2" crap="6" count="0"/>
      <line num="129" type="stmt" count="0"/>
      <line num="130" type="stmt" count="0"/>
      <line num="131" type="stmt" count="0"/>
      <line num="132" type="stmt" count="0"/>
      <line num="133" type="stmt" count="0"/>
      <line num="134" type="stmt" count="0"/>
      <line num="135" type="stmt" count="0"/>
      <line num="137" type="stmt" count="0"/>
      <line num="141" type="method" name="removeItem" visibility="public" complexity="3" crap="12" count="0"/>
      <line num="143" type="stmt" count="0"/>
      <line num="144" type="stmt" count="0"/>
      <line num="147" type="stmt" count="0"/>
      <line num="148" type="stmt" count="0"/>
      <line num="149" type="stmt" count="0"/>
      <line num="151" type="stmt" count="0"/>
      <line num="153" type="stmt" count="0"/>
      <line num="156" type="method" name="getItemById" visibility="public" complexity="1" crap="2" count="0"/>
      <line num="158" type="stmt" count="0"/>
      <line num="159" type="stmt" count="0"/>
      <line num="161" type="stmt" count="0"/>
      <line num="164" type="method" name="getTotalItemsCount" visibility="public" complexity="2" crap="6" count="0"/>
      <line num="166" type="stmt" count="0"/>
      <line num="167" type="stmt" count="0"/>
      <line num="168" type="stmt" count="0"/>
      <line num="171" type="stmt" count="0"/>
      <line num="174" type="method" name="getItemsPrice" visibility="public" complexity="2" crap="6" count="0"/>
      <line num="176" type="stmt" count="0"/>
      <line num="177" type="stmt" count="0"/>
      <line num="178" type="stmt" count="0"/>
      <line num="181" type="stmt" count="0"/>
      <line num="184" type="method" name="getTotalAmount" visibility="public" complexity="2" crap="6" count="0"/>
      <line num="186" type="stmt" count="0"/>
      <line num="187" type="stmt" count="0"/>
      <line num="188" type="stmt" count="0"/>
      <line num="191" type="stmt" count="0"/>
      <line num="194" type="method" name="getUserId" visibility="public" complexity="1" crap="2" count="0"/>
      <line num="196" type="stmt" count="0"/>
      <line num="199" type="method" name="setUserId" visibility="public" complexity="1" crap="2" count="0"/>
      <line num="201" type="stmt" count="0"/>
      <line num="204" type="method" name="preUpdate" visibility="public" complexity="1" crap="2" count="0"/>
      <line num="207" type="stmt" count="0"/>
      <line num="210" type="method" name="jsonSerialize" visibility="public" complexity="1" crap="2" count="0"/>
      <line num="212" type="stmt" count="0"/>
      <line num="213" type="stmt" count="0"/>
      <line num="214" type="stmt" count="0"/>
      <line num="215" type="stmt" count="0"/>
      <line num="216" type="stmt" count="0"/>
      <line num="219" type="method" name="getStatus" visibility="public" complexity="1" crap="2" count="0"/>
      <line num="221" type="stmt" count="0"/>
      <line num="224" type="method" name="setStatus" visibility="public" complexity="1" crap="2" count="0"/>
      <line num="226" type="stmt" count="0"/>
      <line num="229" type="method" name="applyCoupon" visibility="public" complexity="1" crap="2" count="0"/>
      <line num="231" type="stmt" count="0"/>
      <line num="232" type="stmt" count="0"/>
      <line num="235" type="method" name="getCoupon" visibility="public" complexity="3" crap="12" count="0"/>
      <line num="237" type="stmt" count="0"/>
      <line num="238" type="stmt" count="0"/>
      <line num="240" type="stmt" count="0"/>
      <line num="241" type="stmt" count="0"/>
      <line num="243" type="stmt" count="0"/>
      <line num="245" type="stmt" count="0"/>
      <metrics loc="248" ncloc="244" classes="1" methods="19" coveredmethods="0" conditionals="0" coveredconditionals="0" statements="76" coveredstatements="0" elements="95" coveredelements="0"/>
    </file>
    <file name="/home/rsalwa/projects/php/interview-client-php/src/Entity/Category.php">
      <class name="App\Entity\Category" namespace="global">
        <metrics complexity="7" methods="7" coveredmethods="0" conditionals="0" coveredconditionals="0" statements="10" coveredstatements="0" elements="17" coveredelements="0"/>
      </class>
      <line num="16" type="stmt" count="0"/>
      <line num="17" type="stmt" count="0"/>
      <line num="35" type="method" name="getId" visibility="public" complexity="1" crap="2" count="0"/>
      <line num="37" type="stmt" count="0"/>
      <line num="40" type="method" name="getName" visibility="public" complexity="1" crap="2" count="0"/>
      <line num="42" type="stmt" count="0"/>
      <line num="45" type="method" name="setName" visibility="public" complexity="1" crap="2" count="0"/>
      <line num="47" type="stmt" count="0"/>
      <line num="49" type="stmt" count="0"/>
      <line num="52" type="method" name="getDescription" visibility="public" complexity="1" crap="2" count="0"/>
      <line num="54" type="stmt" count="0"/>
      <line num="57" type="method" name="setDescription" visibility="public" complexity="1" crap="2" count="0"/>
      <line num="59" type="stmt" count="0"/>
      <line num="61" type="stmt" count="0"/>
      <line num="64" type="method" name="getSlug" visibility="public" complexity="1" crap="2" count="0"/>
      <line num="66" type="stmt" count="0"/>
      <line num="69" type="method" name="setSlug" visibility="public" complexity="1" crap="2" count="0"/>
      <line num="71" type="stmt" count="0"/>
      <line num="73" type="stmt" count="0"/>
      <metrics loc="76" ncloc="76" classes="1" methods="7" coveredmethods="0" conditionals="0" coveredconditionals="0" statements="12" coveredstatements="0" elements="19" coveredelements="0"/>
    </file>
    <file name="/home/rsalwa/projects/php/interview-client-php/src/Entity/Contracts/CartInsertableInterface.php">
      <metrics loc="15" ncloc="15" classes="0" methods="0" coveredmethods="0" conditionals="0" coveredconditionals="0" statements="0" coveredstatements="0" elements="0" coveredelements="0"/>
    </file>
    <file name="/home/rsalwa/projects/php/interview-client-php/src/Entity/Contracts/CartItemInterface.php">
      <metrics loc="57" ncloc="29" classes="0" methods="0" coveredmethods="0" conditionals="0" coveredconditionals="0" statements="0" coveredstatements="0" elements="0" coveredelements="0"/>
    </file>
    <file name="/home/rsalwa/projects/php/interview-client-php/src/Entity/Contracts/OAuth2UserInterface.php">
      <metrics loc="17" ncloc="16" classes="0" methods="0" coveredmethods="0" conditionals="0" coveredconditionals="0" statements="0" coveredstatements="0" elements="0" coveredelements="0"/>
    </file>
    <file name="/home/rsalwa/projects/php/interview-client-php/src/Entity/Contracts/ShopUserInterface.php">
      <metrics loc="29" ncloc="29" classes="0" methods="0" coveredmethods="0" conditionals="0" coveredconditionals="0" statements="0" coveredstatements="0" elements="0" coveredelements="0"/>
    </file>
    <file name="/home/rsalwa/projects/php/interview-client-php/src/Entity/Contracts/StockManageableInterface.php">
      <metrics loc="19" ncloc="19" classes="0" methods="0" coveredmethods="0" conditionals="0" coveredconditionals="0" statements="0" coveredstatements="0" elements="0" coveredelements="0"/>
    </file>
    <file name="/home/rsalwa/projects/php/interview-client-php/src/Entity/OAuth2ClientProfile.php">
      <class name="App\Entity\OAuth2ClientProfile" namespace="global">
        <metrics complexity="7" methods="7" coveredmethods="0" conditionals="0" coveredconditionals="0" statements="10" coveredstatements="0" elements="17" coveredelements="0"/>
      </class>
      <line num="12" type="stmt" count="0"/>
      <line num="30" type="method" name="getId" visibility="public" complexity="1" crap="2" count="0"/>
      <line num="32" type="stmt" count="0"/>
      <line num="35" type="method" name="getClient" visibility="public" complexity="1" crap="2" count="0"/>
      <line num="37" type="stmt" count="0"/>
      <line num="40" type="method" name="setClient" visibility="public" complexity="1" crap="2" count="0"/>
      <line num="42" type="stmt" count="0"/>
      <line num="44" type="stmt" count="0"/>
      <line num="47" type="method" name="getName" visibility="public" complexity="1" crap="2" count="0"/>
      <line num="49" type="stmt" count="0"/>
      <line num="52" type="method" name="setName" visibility="public" complexity="1" crap="2" count="0"/>
      <line num="54" type="stmt" count="0"/>
      <line num="56" type="stmt" count="0"/>
      <line num="59" type="method" name="getDescription" visibility="public" complexity="1" crap="2" count="0"/>
      <line num="61" type="stmt" count="0"/>
      <line num="64" type="method" name="setDescription" visibility="public" complexity="1" crap="2" count="0"/>
      <line num="66" type="stmt" count="0"/>
      <line num="68" type="stmt" count="0"/>
      <metrics loc="71" ncloc="71" classes="1" methods="7" coveredmethods="0" conditionals="0" coveredconditionals="0" statements="11" coveredstatements="0" elements="18" coveredelements="0"/>
    </file>
    <file name="/home/rsalwa/projects/php/interview-client-php/src/Entity/OAuth2UserConsent.php">
      <class name="App\Entity\OAuth2UserConsent" namespace="global">
        <metrics complexity="12" methods="12" coveredmethods="0" conditionals="0" coveredconditionals="0" statements="18" coveredstatements="0" elements="30" coveredelements="0"/>
      </class>
      <line num="13" type="stmt" count="0"/>
      <line num="44" type="method" name="__construct" visibility="public" complexity="1" crap="2" count="0"/>
      <line num="46" type="stmt" count="0"/>
      <line num="47" type="stmt" count="0"/>
      <line num="50" type="method" name="getId" visibility="public" complexity="1" crap="2" count="0"/>
      <line num="52" type="stmt" count="0"/>
      <line num="55" type="method" name="getCreated" visibility="public" complexity="1" crap="2" count="0"/>
      <line num="57" type="stmt" count="0"/>
      <line num="60" type="method" name="setCreated" visibility="public" complexity="1" crap="2" count="0"/>
      <line num="62" type="stmt" count="0"/>
      <line num="64" type="stmt" count="0"/>
[...]
      <line num="60" type="stmt" count="0"/>
      <line num="61" type="stmt" count="0"/>
      <line num="63" type="stmt" count="0"/>
      <line num="64" type="stmt" count="0"/>
      <line num="67" type="stmt" count="0"/>
      <line num="68" type="stmt" count="0"/>
      <line num="71" type="stmt" count="0"/>
      <line num="72" type="stmt" count="0"/>
      <line num="74" type="stmt" count="0"/>
      <line num="77" type="method" name="increase" visibility="private" complexity="1" crap="2" count="0"/>
      <line num="79" type="stmt" count="0"/>
      <line num="80" type="stmt" count="0"/>
      <line num="82" type="stmt" count="0"/>
      <line num="83" type="stmt" count="0"/>
      <line num="85" type="stmt" count="0"/>
      <metrics loc="88" ncloc="84" classes="1" methods="6" coveredmethods="0" conditionals="0" coveredconditionals="0" statements="28" coveredstatements="0" elements="34" coveredelements="0"/>
    </file>
    <file name="/home/rsalwa/projects/php/interview-client-php/src/Service/ProductsService.php">
      <class name="App\Service\ProductsService" namespace="global">
        <metrics complexity="4" methods="4" coveredmethods="0" conditionals="0" coveredconditionals="0" statements="4" coveredstatements="0" elements="8" coveredelements="0"/>
      </class>
      <line num="13" type="method" name="__construct" visibility="public" complexity="1" crap="2" count="0"/>
      <line num="14" type="stmt" count="0"/>
      <line num="16" type="method" name="byId" visibility="public" complexity="1" crap="2" count="0"/>
      <line num="18" type="stmt" count="0"/>
      <line num="21" type="method" name="find" visibility="public" complexity="1" crap="2" count="0"/>
      <line num="23" type="stmt" count="0"/>
      <line num="26" type="method" name="getPaginated" visibility="public" complexity="1" crap="2" count="0"/>
      <line num="28" type="stmt" count="0"/>
      <metrics loc="31" ncloc="31" classes="1" methods="4" coveredmethods="0" conditionals="0" coveredconditionals="0" statements="4" coveredstatements="0" elements="8" coveredelements="0"/>
    </file>
    <file name="/home/rsalwa/projects/php/interview-client-php/src/Service/SubscriptionPlanService.php">
      <class name="App\Service\SubscriptionPlanService" namespace="global">
        <metrics complexity="3" methods="3" coveredmethods="0" conditionals="0" coveredconditionals="0" statements="3" coveredstatements="0" elements="6" coveredelements="0"/>
      </class>
      <line num="13" type="method" name="__construct" visibility="public" complexity="1" crap="2" count="0"/>
      <line num="15" type="stmt" count="0"/>
      <line num="18" type="method" name="fetchAvailablePlans" visibility="public" complexity="1" crap="2" count="0"/>
      <line num="20" type="stmt" count="0"/>
      <line num="24" type="method" name="findPlanById" visibility="public" complexity="1" crap="2" count="0"/>
      <line num="26" type="stmt" count="0"/>
      <metrics loc="29" ncloc="27" classes="1" methods="3" coveredmethods="0" conditionals="0" coveredconditionals="0" statements="3" coveredstatements="0" elements="6" coveredelements="0"/>
    </file>
    <file name="/home/rsalwa/projects/php/interview-client-php/src/Service/SubscriptionService.php">
      <class name="App\Service\SubscriptionService" namespace="global">
        <metrics complexity="7" methods="5" coveredmethods="0" conditionals="0" coveredconditionals="0" statements="21" coveredstatements="0" elements="26" coveredelements="0"/>
      </class>
      <line num="18" type="method" name="__construct" visibility="public" complexity="1" crap="2" count="0"/>
      <line num="21" type="stmt" count="0"/>
      <line num="23" type="method" name="cancelSubscription" visibility="public" complexity="1" crap="2" count="0"/>
      <line num="25" type="stmt" count="0"/>
      <line num="26" type="stmt" count="0"/>
      <line num="29" type="method" name="assignFreemium" visibility="public" complexity="1" crap="2" count="0"/>
      <line num="31" type="stmt" count="0"/>
      <line num="32" type="stmt" count="0"/>
      <line num="35" type="method" name="assignSubscription" visibility="public" complexity="1" crap="2" count="0"/>
      <line num="37" type="stmt" count="0"/>
      <line num="38" type="stmt" count="0"/>
      <line num="39" type="stmt" count="0"/>
      <line num="42" type="method" name="findForUser" visibility="public" complexity="3" crap="12" count="0"/>
      <line num="44" type="stmt" count="0"/>
      <line num="45" type="stmt" count="0"/>
      <line num="47" type="stmt" count="0"/>
      <line num="48" type="stmt" count="0"/>
      <line num="49" type="stmt" count="0"/>
      <line num="50" type="stmt" count="0"/>
      <line num="51" type="stmt" count="0"/>
      <line num="52" type="stmt" count="0"/>
      <line num="53" type="stmt" count="0"/>
      <line num="54" type="stmt" count="0"/>
      <line num="56" type="stmt" count="0"/>
      <line num="58" type="stmt" count="0"/>
      <line num="60" type="stmt" count="0"/>
      <metrics loc="63" ncloc="62" classes="1" methods="5" coveredmethods="0" conditionals="0" coveredconditionals="0" statements="21" coveredstatements="0" elements="26" coveredelements="0"/>
    </file>
    <file name="/home/rsalwa/projects/php/interview-client-php/src/Service/TaxCalculatorService.php">
      <class name="App\Service\TaxCalculatorService" namespace="global">
        <metrics complexity="1" methods="1" coveredmethods="0" conditionals="0" coveredconditionals="0" statements="1" coveredstatements="0" elements="2" coveredelements="0"/>
      </class>
      <line num="11" type="method" name="__construct" visibility="public" complexity="1" crap="2" count="0"/>
      <line num="16" type="stmt" count="0"/>
      <metrics loc="18" ncloc="18" classes="1" methods="1" coveredmethods="0" conditionals="0" coveredconditionals="0" statements="1" coveredstatements="0" elements="2" coveredelements="0"/>
    </file>
    <file name="/home/rsalwa/projects/php/interview-client-php/src/Storage/CartSessionStorage.php">
      <class name="App\Storage\CartSessionStorage" namespace="global">
        <metrics complexity="8" methods="6" coveredmethods="0" conditionals="0" coveredconditionals="0" statements="25" coveredstatements="0" elements="31" coveredelements="0"/>
      </class>
      <line num="25" type="method" name="__construct" visibility="public" complexity="1" crap="2" count="0"/>
      <line num="30" type="stmt" count="0"/>
      <line num="35" type="method" name="getCart" visibility="public" complexity="1" crap="2" count="0"/>
      <line num="37" type="stmt" count="0"/>
      <line num="38" type="stmt" count="0"/>
      <line num="39" type="stmt" count="0"/>
      <line num="40" type="stmt" count="0"/>
      <line num="41" type="stmt" count="0"/>
      <line num="42" type="stmt" count="0"/>
      <line num="43" type="stmt" count="0"/>
      <line num="46" type="method" name="getUser" visibility="private" complexity="1" crap="2" count="0"/>
      <line num="48" type="stmt" count="0"/>
      <line num="49" type="stmt" count="0"/>
      <line num="51" type="stmt" count="0"/>
      <line num="54" type="method" name="setCart" visibility="public" complexity="2" crap="6" count="0"/>
      <line num="56" type="stmt" count="0"/>
      <line num="57" type="stmt" count="0"/>
      <line num="58" type="stmt" count="0"/>
      <line num="59" type="stmt" count="0"/>
      <line num="62" type="stmt" count="0"/>
      <line num="65" type="method" name="getSession" visibility="private" complexity="2" crap="6" count="0"/>
      <line num="69" type="stmt" count="0"/>
      <line num="70" type="stmt" count="0"/>
      <line num="72" type="stmt" count="0"/>
      <line num="73" type="stmt" count="0"/>
      <line num="75" type="stmt" count="0"/>
      <line num="76" type="stmt" count="0"/>
      <line num="78" type="stmt" count="0"/>
      <line num="81" type="stmt" count="0"/>
      <line num="84" type="method" name="removeCart" visibility="public" complexity="1" crap="2" count="0"/>
      <line num="86" type="stmt" count="0"/>
      <metrics loc="89" ncloc="84" classes="1" methods="6" coveredmethods="0" conditionals="0" coveredconditionals="0" statements="25" coveredstatements="0" elements="31" coveredelements="0"/>
    </file>
    <file name="/home/rsalwa/projects/php/interview-client-php/src/ValueObject/CouponCode.php">
      <class name="App\ValueObject\CouponCode" namespace="global">
        <metrics complexity="5" methods="5" coveredmethods="0" conditionals="0" coveredconditionals="0" statements="5" coveredstatements="0" elements="10" coveredelements="0"/>
      </class>
      <line num="11" type="method" name="__construct" visibility="public" complexity="1" crap="2" count="0"/>
      <line num="13" type="stmt" count="0"/>
      <line num="15" type="method" name="getType" visibility="public" complexity="1" crap="2" count="0"/>
      <line num="17" type="stmt" count="0"/>
      <line num="20" type="method" name="getValue" visibility="public" complexity="1" crap="2" count="0"/>
      <line num="22" type="stmt" count="0"/>
      <line num="25" type="method" name="isCartDiscount" visibility="public" complexity="1" crap="2" count="0"/>
      <line num="27" type="stmt" count="0"/>
      <line num="30" type="method" name="isShippingDiscount" visibility="public" complexity="1" crap="2" count="0"/>
      <line num="32" type="stmt" count="0"/>
      <metrics loc="35" ncloc="35" classes="1" methods="5" coveredmethods="0" conditionals="0" coveredconditionals="0" statements="5" coveredstatements="0" elements="10" coveredelements="0"/>
    </file>
    <file name="/home/rsalwa/projects/php/interview-client-php/src/ValueObject/EmailAddress.php">
      <class name="App\ValueObject\EmailAddress" namespace="global">
        <metrics complexity="3" methods="2" coveredmethods="0" conditionals="0" coveredconditionals="0" statements="7" coveredstatements="5" elements="9" coveredelements="5"/>
      </class>
      <line num="17" type="method" name="__construct" visibility="public" complexity="2" crap="2.02" count="1"/>
      <line num="19" type="stmt" count="1"/>
      <line num="20" type="stmt" count="1"/>
      <line num="21" type="stmt" count="1"/>
      <line num="23" type="stmt" count="1"/>
      <line num="24" type="stmt" count="1"/>
      <line num="25" type="stmt" count="0"/>
      <line num="29" type="method" name="toString" visibility="public" complexity="1" crap="2" count="0"/>
      <line num="31" type="stmt" count="0"/>
      <metrics loc="34" ncloc="34" classes="1" methods="2" coveredmethods="0" conditionals="0" coveredconditionals="0" statements="7" coveredstatements="5" elements="9" coveredelements="5"/>
    </file>
    <file name="/home/rsalwa/projects/php/interview-client-php/src/ValueObject/GRPC/StatusResponse.php">
      <class name="App\ValueObject\GRPC\StatusResponse" namespace="global">
        <metrics complexity="3" methods="3" coveredmethods="0" conditionals="0" coveredconditionals="0" statements="3" coveredstatements="0" elements="6" coveredelements="0"/>
      </class>
      <line num="17" type="method" name="__construct" visibility="public" complexity="1" crap="2" count="0"/>
      <line num="19" type="stmt" count="0"/>
      <line num="22" type="method" name="getCode" visibility="public" complexity="1" crap="2" count="0"/>
      <line num="24" type="stmt" count="0"/>
      <line num="27" type="method" name="isOk" visibility="public" complexity="1" crap="2" count="0"/>
      <line num="29" type="stmt" count="0"/>
      <metrics loc="32" ncloc="29" classes="1" methods="3" coveredmethods="0" conditionals="0" coveredconditionals="0" statements="3" coveredstatements="0" elements="6" coveredelements="0"/>
    </file>
    <file name="/home/rsalwa/projects/php/interview-client-php/src/ValueObject/Summary.php">
      <class name="App\ValueObject\Summary" namespace="global">
        <metrics complexity="8" methods="7" coveredmethods="0" conditionals="0" coveredconditionals="0" statements="10" coveredstatements="0" elements="17" coveredelements="0"/>
      </class>
      <line num="13" type="method" name="__construct" visibility="public" complexity="1" crap="2" count="0"/>
      <line num="15" type="stmt" count="0"/>
      <line num="17" type="method" name="getNet" visibility="public" complexity="1" crap="2" count="0"/>
      <line num="19" type="stmt" count="0"/>
      <line num="22" type="method" name="getTax" visibility="public" complexity="1" crap="2" count="0"/>
      <line num="24" type="stmt" count="0"/>
      <line num="27" type="method" name="getShipping" visibility="public" complexity="1" crap="2" count="0"/>
      <line num="29" type="stmt" count="0"/>
      <line num="32" type="method" name="getTotal" visibility="public" complexity="1" crap="2" count="0"/>
      <line num="34" type="stmt" count="0"/>
      <line num="37" type="method" name="getSubTotal" visibility="public" complexity="2" crap="6" count="0"/>
      <line num="39" type="stmt" count="0"/>
      <line num="40" type="stmt" count="0"/>
      <line num="41" type="stmt" count="0"/>
      <line num="44" type="stmt" count="0"/>
      <line num="47" type="method" name="getDiscount" visibility="public" complexity="1" crap="2" count="0"/>
      <line num="49" type="stmt" count="0"/>
      <metrics loc="52" ncloc="52" classes="1" methods="7" coveredmethods="0" conditionals="0" coveredconditionals="0" statements="10" coveredstatements="0" elements="17" coveredelements="0"/>
    </file>
    <file name="/home/rsalwa/projects/php/interview-client-php/src/ValueObject/Token.php">
      <class name="App\ValueObject\Token" namespace="global">
        <metrics complexity="5" methods="5" coveredmethods="0" conditionals="0" coveredconditionals="0" statements="8" coveredstatements="0" elements="13" coveredelements="0"/>
      </class>
      <line num="21" type="method" name="__construct" visibility="public" complexity="1" crap="2" count="0"/>
      <line num="23" type="stmt" count="0"/>
      <line num="24" type="stmt" count="0"/>
      <line num="27" type="method" name="value" visibility="public" complexity="1" crap="2" count="0"/>
      <line num="29" type="stmt" count="0"/>
      <line num="32" type="method" name="isExpired" visibility="public" complexity="1" crap="2" count="0"/>
      <line num="34" type="stmt" count="0"/>
      <line num="37" type="method" name="getSub" visibility="public" complexity="1" crap="2" count="0"/>
      <line num="39" type="stmt" count="0"/>
      <line num="40" type="stmt" count="0"/>
      <line num="42" type="stmt" count="0"/>
      <line num="45" type="method" name="__toString" visibility="public" complexity="1" crap="2" count="0"/>
      <line num="47" type="stmt" count="0"/>
      <metrics loc="50" ncloc="49" classes="1" methods="5" coveredmethods="0" conditionals="0" coveredconditionals="0" statements="8" coveredstatements="0" elements="13" coveredelements="0"/>
    </file>
    <file name="/home/rsalwa/projects/php/interview-client-php/src/ValueResolver/EntityNameResolver.php">
      <class name="App\ValueResolver\EntityNameResolver" namespace="global">
        <metrics complexity="2" methods="1" coveredmethods="0" conditionals="0" coveredconditionals="0" statements="7" coveredstatements="0" elements="8" coveredelements="0"/>
      </class>
      <line num="13" type="method" name="resolve" visibility="public" complexity="2" crap="6" count="0"/>
      <line num="15" type="stmt" count="0"/>
      <line num="16" type="stmt" count="0"/>
      <line num="17" type="stmt" count="0"/>
      <line num="18" type="stmt" count="0"/>
      <line num="20" type="stmt" count="0"/>
      <line num="21" type="stmt" count="0"/>
      <line num="24" type="stmt" count="0"/>
      <metrics loc="27" ncloc="27" classes="1" methods="1" coveredmethods="0" conditionals="0" coveredconditionals="0" statements="7" coveredstatements="0" elements="8" coveredelements="0"/>
    </file>
    <file name="/home/rsalwa/projects/php/interview-client-php/src/Workflow/CartWorkflow.php">
      <class name="App\Workflow\CartWorkflow" namespace="global">
        <metrics complexity="8" methods="4" coveredmethods="0" conditionals="0" coveredconditionals="0" statements="29" coveredstatements="0" elements="33" coveredelements="0"/>
      </class>
      <line num="26" type="method" name="__construct" visibility="public" complexity="1" crap="2" count="0"/>
      <line num="33" type="stmt" count="0"/>
      <line num="39" type="method" name="add" visibility="public" complexity="3" crap="12" count="0"/>
      <line num="42" type="stmt" count="0"/>
      <line num="43" type="stmt" count="0"/>
      <line num="44" type="stmt" count="0"/>
      <line num="45" type="stmt" count="0"/>
      <line num="46" type="stmt" count="0"/>
      <line num="47" type="stmt" count="0"/>
      <line num="48" type="stmt" count="0"/>
      <line num="49" type="stmt" count="0"/>
      <line num="50" type="stmt" count="0"/>
      <line num="52" type="stmt" count="0"/>
      <line num="53" type="stmt" count="0"/>
      <line num="54" type="stmt" count="0"/>
      <line num="55" type="stmt" count="0"/>
      <line num="56" type="stmt" count="0"/>
      <line num="57" type="stmt" count="0"/>
      <line num="59" type="stmt" count="0"/>
      <line num="67" type="method" name="remove" visibility="public" complexity="2" crap="6" count="0"/>
      <line num="70" type="stmt" count="0"/>
      <line num="71" type="stmt" count="0"/>
      <line num="72" type="stmt" count="0"/>
      <line num="73" type="stmt" count="0"/>
      <line num="74" type="stmt" count="0"/>
      <line num="76" type="stmt" count="0"/>
      <line num="81" type="method" name="applyCouponCode" visibility="public" complexity="2" crap="6" count="0"/>
      <line num="84" type="stmt" count="0"/>
      <line num="85" type="stmt" count="0"/>
      <line num="86" type="stmt" count="0"/>
      <line num="87" type="stmt" count="0"/>
      <line num="88" type="stmt" count="0"/>
      <line num="90" type="stmt" count="0"/>
      <metrics loc="94" ncloc="85" classes="1" methods="4" coveredmethods="0" conditionals="0" coveredconditionals="0" statements="29" coveredstatements="0" elements="33" coveredelements="0"/>
    </file>
    <file name="/home/rsalwa/projects/php/interview-client-php/src/Workflow/OrderWorkflow.php">
      <class name="App\Workflow\OrderWorkflow" namespace="global">
        <metrics complexity="4" methods="3" coveredmethods="0" conditionals="0" coveredconditionals="0" statements="12" coveredstatements="0" elements="15" coveredelements="0"/>
      </class>
      <line num="17" type="method" name="__construct" visibility="public" complexity="1" crap="2" count="0"/>
      <line num="22" type="stmt" count="0"/>
      <line num="24" type="method" name="createPendingOrder" visibility="public" complexity="2" crap="6" count="0"/>
      <line num="27" type="stmt" count="0"/>
      <line num="28" type="stmt" count="0"/>
      <line num="29" type="stmt" count="0"/>
      <line num="30" type="stmt" count="0"/>
      <line num="31" type="stmt" count="0"/>
      <line num="33" type="stmt" count="0"/>
      <line num="34" type="stmt" count="0"/>
      <line num="35" type="stmt" count="0"/>
      <line num="39" type="method" name="confirmOrder" visibility="public" complexity="1" crap="2" count="0"/>
      <line num="41" type="stmt" count="0"/>
      <line num="42" type="stmt" count="0"/>
      <line num="44" type="stmt" count="0"/>
      <metrics loc="47" ncloc="47" classes="1" methods="3" coveredmethods="0" conditionals="0" coveredconditionals="0" statements="12" coveredstatements="0" elements="15" coveredelements="0"/>
    </file>
    <metrics files="172" loc="8898" ncloc="8621" classes="140" methods="596" coveredmethods="1" conditionals="0" coveredconditionals="0" statements="2447" coveredstatements="11" elements="3043" coveredelements="12"/>
  </project>
</coverage>
