<?xml version="1.0" encoding="UTF-8"?>
<!DOCTYPE coverage SYSTEM "http://cobertura.sourceforge.net/xml/coverage-04.dtd">
<coverage line-rate="0.0045008183306056" branch-rate="0" lines-covered="11" lines-valid="2444" branches-covered="0" branches-valid="0" complexity="770" version="0.4" timestamp="1711035404">
  <sources>
    <source>/home/rsalwa/projects/php/interview-client-php/src</source>
  </sources>
  <packages>
    <package name="Client/ApiResponseExtractor.php" line-rate="0" branch-rate="0" complexity="1">
      <classes>
        <class name="App\Client\ApiResponseExtractor" filename="Client/ApiResponseExtractor.php" line-rate="0" branch-rate="0" complexity="1">
          <methods>
            <method name="getErrorMessage" signature="Symfony\Contracts\HttpClient\ResponseInterface $response" line-rate="0" branch-rate="0" complexity="1">
              <lines>
                <line number="14" hits="0"/>
                <line number="16" hits="0"/>
              </lines>
            </method>
          </methods>
          <lines>
            <line number="14" hits="0"/>
            <line number="16" hits="0"/>
          </lines>
        </class>
      </classes>
    </package>
    <package name="Client/AuthApiClient.php" line-rate="0" branch-rate="0" complexity="18">
      <classes>
        <class name="App\Client\AuthApiClient" filename="Client/AuthApiClient.php" line-rate="0" branch-rate="0" complexity="18">
          <methods>
            <method name="__construct" signature="Symfony\Contracts\HttpClient\HttpClientInterface $authApi, Psr\Log\LoggerInterface $logger" line-rate="0" branch-rate="0" complexity="1">
              <lines>
                <line number="31" hits="0"/>
              </lines>
            </method>
            <method name="signIn" signature="string $email, string $password" line-rate="0" branch-rate="0" complexity="3">
              <lines>
                <line number="37" hits="0"/>
                <line number="38" hits="0"/>
                <line number="39" hits="0"/>
                <line number="40" hits="0"/>
                <line number="41" hits="0"/>
                <line number="42" hits="0"/>
                <line number="43" hits="0"/>
                <line number="44" hits="0"/>
                <line number="45" hits="0"/>
                <line number="46" hits="0"/>
                <line number="47" hits="0"/>
                <line number="48" hits="0"/>
                <line number="49" hits="0"/>
                <line number="51" hits="0"/>
                <line number="52" hits="0"/>
                <line number="53" hits="0"/>
                <line number="55" hits="0"/>
                <line number="56" hits="0"/>
                <line number="57" hits="0"/>
                <line number="59" hits="0"/>
              </lines>
            </method>
            <method name="signUp" signature="string $email, string $password" line-rate="0" branch-rate="0" complexity="2">
              <lines>
                <line number="66" hits="0"/>
                <line number="67" hits="0"/>
                <line number="68" hits="0"/>
                <line number="69" hits="0"/>
                <line number="70" hits="0"/>
                <line number="71" hits="0"/>
                <line number="72" hits="0"/>
                <line number="73" hits="0"/>
                <line number="74" hits="0"/>
                <line number="75" hits="0"/>
                <line number="76" hits="0"/>
                <line number="77" hits="0"/>
                <line number="78" hits="0"/>
                <line number="79" hits="0"/>
                <line number="80" hits="0"/>
                <line number="81" hits="0"/>
                <line number="83" hits="0"/>
              </lines>
            </method>
            <method name="getVerificationCode" signature="string $email" line-rate="0" branch-rate="0" complexity="3">
              <lines>
                <line number="90" hits="0"/>
                <line number="91" hits="0"/>
                <line number="92" hits="0"/>
                <line number="93" hits="0"/>
                <line number="94" hits="0"/>
                <line number="95" hits="0"/>
                <line number="96" hits="0"/>
                <line number="97" hits="0"/>
                <line number="98" hits="0"/>
                <line number="99" hits="0"/>
                <line number="100" hits="0"/>
                <line number="101" hits="0"/>
                <line number="102" hits="0"/>
                <line number="105" hits="0"/>
                <line number="106" hits="0"/>
                <line number="107" hits="0"/>
                <line number="110" hits="0"/>
              </lines>
            </method>
            <method name="confirmAccount" signature="string $verificationCode" line-rate="0" branch-rate="0" complexity="3">
              <lines>
                <line number="116" hits="0"/>
                <line number="117" hits="0"/>
                <line number="118" hits="0"/>
                <line number="120" hits="0"/>
                <line number="121" hits="0"/>
                <line number="122" hits="0"/>
                <line number="124" hits="0"/>
              </lines>
            </method>
            <method name="getByVerificationCode" signature="string $verificationCode" line-rate="0" branch-rate="0" complexity="3">
              <lines>
                <line number="131" hits="0"/>
                <line number="132" hits="0"/>
                <line number="134" hits="0"/>
                <line number="135" hits="0"/>
                <line number="136" hits="0"/>
                <line number="138" hits="0"/>
                <line number="139" hits="0"/>
                <line number="140" hits="0"/>
                <line number="142" hits="0"/>
              </lines>
            </method>
            <method name="signInByCode" signature="string $email, string $verificationCode" line-rate="0" branch-rate="0" complexity="3">
              <lines>
                <line number="149" hits="0"/>
                <line number="150" hits="0"/>
                <line number="151" hits="0"/>
                <line number="152" hits="0"/>
                <line number="153" hits="0"/>
                <line number="154" hits="0"/>
                <line number="155" hits="0"/>
                <line number="156" hits="0"/>
                <line number="157" hits="0"/>
                <line number="158" hits="0"/>
                <line number="159" hits="0"/>
                <line number="160" hits="0"/>
                <line number="161" hits="0"/>
                <line number="163" hits="0"/>
                <line number="164" hits="0"/>
                <line number="165" hits="0"/>
                <line number="167" hits="0"/>
                <line number="168" hits="0"/>
                <line number="169" hits="0"/>
                <line number="171" hits="0"/>
              </lines>
            </method>
          </methods>
          <lines>
            <line number="31" hits="0"/>
            <line number="37" hits="0"/>
            <line number="38" hits="0"/>
            <line number="39" hits="0"/>
            <line number="40" hits="0"/>
            <line number="41" hits="0"/>
            <line number="42" hits="0"/>
            <line number="43" hits="0"/>
            <line number="44" hits="0"/>
            <line number="45" hits="0"/>
            <line number="46" hits="0"/>
            <line number="47" hits="0"/>
            <line number="48" hits="0"/>
            <line number="49" hits="0"/>
            <line number="51" hits="0"/>
            <line number="52" hits="0"/>
            <line number="53" hits="0"/>
            <line number="55" hits="0"/>
            <line number="56" hits="0"/>
            <line number="57" hits="0"/>
            <line number="59" hits="0"/>
            <line number="66" hits="0"/>
            <line number="67" hits="0"/>
            <line number="68" hits="0"/>
            <line number="69" hits="0"/>
            <line number="70" hits="0"/>
            <line number="71" hits="0"/>
            <line number="72" hits="0"/>
            <line number="73" hits="0"/>
            <line number="74" hits="0"/>
            <line number="75" hits="0"/>
            <line number="76" hits="0"/>
            <line number="77" hits="0"/>
            <line number="78" hits="0"/>
            <line number="79" hits="0"/>
            <line number="80" hits="0"/>
            <line number="81" hits="0"/>
            <line number="83" hits="0"/>
            <line number="90" hits="0"/>
            <line number="91" hits="0"/>
            <line number="92" hits="0"/>
            <line number="93" hits="0"/>
            <line number="94" hits="0"/>
            <line number="95" hits="0"/>
            <line number="96" hits="0"/>
            <line number="97" hits="0"/>
            <line number="98" hits="0"/>
            <line number="99" hits="0"/>
            <line number="100" hits="0"/>
            <line number="101" hits="0"/>
            <line number="102" hits="0"/>
            <line number="105" hits="0"/>
            <line number="106" hits="0"/>
            <line number="107" hits="0"/>
            <line number="110" hits="0"/>
            <line number="116" hits="0"/>
            <line number="117" hits="0"/>
            <line number="118" hits="0"/>
            <line number="120" hits="0"/>
            <line number="121" hits="0"/>
            <line number="122" hits="0"/>
            <line number="124" hits="0"/>
            <line number="131" hits="0"/>
            <line number="132" hits="0"/>
            <line number="134" hits="0"/>
            <line number="135" hits="0"/>
            <line number="136" hits="0"/>
            <line number="138" hits="0"/>
            <line number="139" hits="0"/>
            <line number="140" hits="0"/>
            <line number="142" hits="0"/>
            <line number="149" hits="0"/>
            <line number="150" hits="0"/>
            <line number="151" hits="0"/>
            <line number="152" hits="0"/>
            <line number="153" hits="0"/>
            <line number="154" hits="0"/>
            <line number="155" hits="0"/>
            <line number="156" hits="0"/>
            <line number="157" hits="0"/>
            <line number="158" hits="0"/>
            <line number="159" hits="0"/>
            <line number="160" hits="0"/>
            <line number="161" hits="0"/>
            <line number="163" hits="0"/>
            <line number="164" hits="0"/>
            <line number="165" hits="0"/>
            <line number="167" hits="0"/>
            <line number="168" hits="0"/>
            <line number="169" hits="0"/>
            <line number="171" hits="0"/>
          </lines>
        </class>
      </classes>
    </package>
    <package name="Client/AuthClientInterface.php" line-rate="0" branch-rate="0" complexity="0">
      <classes/>
    </package>
    <package name="Client/AuthCodeClientInterface.php" line-rate="0" branch-rate="0" complexity="0">
      <classes/>
    </package>
    <package name="Client/GRPC/AuthApiGRPCClient.php" line-rate="0" branch-rate="0" complexity="11">
      <classes>
        <class name="App\Client\GRPC\AuthApiGRPCClient" filename="Client/GRPC/AuthApiGRPCClient.php" line-rate="0" branch-rate="0" complexity="11">
          <methods>
            <method name="__construct" signature="string $authServiceDsn" line-rate="0" branch-rate="0" complexity="1">
              <lines>
                <line number="37" hits="0"/>
                <line number="38" hits="0"/>
                <line number="39" hits="0"/>
                <line number="40" hits="0"/>
                <line number="41" hits="0"/>
                <line number="42" hits="0"/>
              </lines>
            </method>
            <method name="signIn" signature="string $email, string $password" line-rate="0" branch-rate="0" complexity="2">
              <lines>
                <line number="48" hits="0"/>
                <line number="49" hits="0"/>
                <line number="50" hits="0"/>
                <line number="51" hits="0"/>
                <line number="52" hits="0"/>
                <line number="53" hits="0"/>
                <line number="54" hits="0"/>
                <line number="55" hits="0"/>
                <line number="56" hits="0"/>
                <line number="57" hits="0"/>
                <line number="59" hits="0"/>
                <line number="60" hits="0"/>
                <line number="62" hits="0"/>
              </lines>
            </method>
            <method name="signUp" signature="string $email, string $password" line-rate="0" branch-rate="0" complexity="2">
              <lines>
                <line number="68" hits="0"/>
                <line number="69" hits="0"/>
                <line number="70" hits="0"/>
                <line number="71" hits="0"/>
                <line number="73" hits="0"/>
                <line number="74" hits="0"/>
                <line number="76" hits="0"/>
                <line number="77" hits="0"/>
                <line number="78" hits="0"/>
                <line number="80" hits="0"/>
                <line number="81" hits="0"/>
              </lines>
            </method>
            <method name="getVerificationCode" signature="string $email" line-rate="0" branch-rate="0" complexity="2">
              <lines>
                <line number="87" hits="0"/>
                <line number="88" hits="0"/>
                <line number="89" hits="0"/>
                <line number="90" hits="0"/>
                <line number="91" hits="0"/>
                <line number="93" hits="0"/>
                <line number="94" hits="0"/>
                <line number="95" hits="0"/>
                <line number="96" hits="0"/>
                <line number="98" hits="0"/>
                <line number="99" hits="0"/>
                <line number="101" hits="0"/>
              </lines>
            </method>
            <method name="confirmAccount" signature="string $verificationCode" line-rate="0" branch-rate="0" complexity="2">
              <lines>
                <line number="107" hits="0"/>
                <line number="108" hits="0"/>
                <line number="110" hits="0"/>
                <line number="111" hits="0"/>
                <line number="112" hits="0"/>
                <line number="113" hits="0"/>
                <line number="115" hits="0"/>
                <line number="116" hits="0"/>
                <line number="117" hits="0"/>
                <line number="118" hits="0"/>
              </lines>
            </method>
            <method name="getResponses" signature="" line-rate="0" branch-rate="0" complexity="2">
              <lines>
                <line number="125" hits="0"/>
                <line number="126" hits="0"/>
                <line number="129" hits="0"/>
              </lines>
            </method>
          </methods>
          <lines>
            <line number="37" hits="0"/>
            <line number="38" hits="0"/>
            <line number="39" hits="0"/>
            <line number="40" hits="0"/>
            <line number="41" hits="0"/>
            <line number="42" hits="0"/>
            <line number="48" hits="0"/>
            <line number="49" hits="0"/>
            <line number="50" hits="0"/>
            <line number="51" hits="0"/>
            <line number="52" hits="0"/>
            <line number="53" hits="0"/>
            <line number="54" hits="0"/>
            <line number="55" hits="0"/>
            <line number="56" hits="0"/>
            <line number="57" hits="0"/>
            <line number="59" hits="0"/>
            <line number="60" hits="0"/>
            <line number="62" hits="0"/>
            <line number="68" hits="0"/>
            <line number="69" hits="0"/>
            <line number="70" hits="0"/>
            <line number="71" hits="0"/>
            <line number="73" hits="0"/>
            <line number="74" hits="0"/>
            <line number="76" hits="0"/>
            <line number="77" hits="0"/>
            <line number="78" hits="0"/>
            <line number="80" hits="0"/>
            <line number="81" hits="0"/>
            <line number="87" hits="0"/>
            <line number="88" hits="0"/>
            <line number="89" hits="0"/>
            <line number="90" hits="0"/>
            <line number="91" hits="0"/>
            <line number="93" hits="0"/>
            <line number="94" hits="0"/>
            <line number="95" hits="0"/>
            <line number="96" hits="0"/>
            <line number="98" hits="0"/>
            <line number="99" hits="0"/>
            <line number="101" hits="0"/>
            <line number="107" hits="0"/>
            <line number="108" hits="0"/>
            <line number="110" hits="0"/>
            <line number="111" hits="0"/>
            <line number="112" hits="0"/>
            <line number="113" hits="0"/>
            <line number="115" hits="0"/>
            <line number="116" hits="0"/>
            <line number="117" hits="0"/>
            <line number="118" hits="0"/>
            <line number="125" hits="0"/>
            <line number="126" hits="0"/>
            <line number="129" hits="0"/>
          </lines>
        </class>
      </classes>
    </package>
    <package name="Client/GRPC/UserApiGRPCClient.php" line-rate="0" branch-rate="0" complexity="7">
      <classes>
        <class name="App\Client\GRPC\UserApiGRPCClient" filename="Client/GRPC/UserApiGRPCClient.php" line-rate="0" branch-rate="0" complexity="7">
          <methods>
            <method name="__construct" signature="string $userServiceDsn" line-rate="0" branch-rate="0" complexity="1">
              <lines>
                <line number="28" hits="0"/>
                <line number="29" hits="0"/>
                <line number="30" hits="0"/>
                <line number="31" hits="0"/>
                <line number="32" hits="0"/>
                <line number="33" hits="0"/>
              </lines>
            </method>
            <method name="confirmAccount" signature="string $verificationCode" line-rate="0" branch-rate="0" complexity="2">
              <lines>
                <line number="39" hits="0"/>
                <line number="40" hits="0"/>
                <line number="42" hits="0"/>
                <line number="43" hits="0"/>
                <line number="44" hits="0"/>
                <line number="45" hits="0"/>
                <line number="46" hits="0"/>
                <line number="47" hits="0"/>
                <line number="48" hits="0"/>
                <line number="49" hits="0"/>
              </lines>
            </method>
            <method name="getResponses" signature="" line-rate="0" branch-rate="0" complexity="2">
              <lines>
                <line number="56" hits="0"/>
                <line number="57" hits="0"/>
                <line number="60" hits="0"/>
              </lines>
            </method>
            <method name="getUser" signature="string $token" line-rate="0" branch-rate="0" complexity="2">
              <lines>
                <line number="65" hits="0"/>
                <line number="66" hits="0"/>
                <line number="68" hits="0"/>
                <line number="69" hits="0"/>
                <line number="70" hits="0"/>
                <line number="72" hits="0"/>
                <line number="73" hits="0"/>
                <line number="75" hits="0"/>
                <line number="76" hits="0"/>
                <line number="77" hits="0"/>
                <line number="80" hits="0"/>
                <line number="81" hits="0"/>
                <line number="83" hits="0"/>
              </lines>
            </method>
          </methods>
          <lines>
            <line number="28" hits="0"/>
            <line number="29" hits="0"/>
            <line number="30" hits="0"/>
            <line number="31" hits="0"/>
            <line number="32" hits="0"/>
            <line number="33" hits="0"/>
            <line number="39" hits="0"/>
            <line number="40" hits="0"/>
            <line number="42" hits="0"/>
            <line number="43" hits="0"/>
            <line number="44" hits="0"/>
            <line number="45" hits="0"/>
            <line number="46" hits="0"/>
            <line number="47" hits="0"/>
            <line number="48" hits="0"/>
            <line number="49" hits="0"/>
            <line number="56" hits="0"/>
            <line number="57" hits="0"/>
            <line number="60" hits="0"/>
            <line number="65" hits="0"/>
            <line number="66" hits="0"/>
            <line number="68" hits="0"/>
            <line number="69" hits="0"/>
            <line number="70" hits="0"/>
            <line number="72" hits="0"/>
            <line number="73" hits="0"/>
            <line number="75" hits="0"/>
            <line number="76" hits="0"/>
            <line number="77" hits="0"/>
            <line number="80" hits="0"/>
            <line number="81" hits="0"/>
            <line number="83" hits="0"/>
          </lines>
        </class>
      </classes>
    </package>
    <package name="Client/ShopUserProviderInterface.php" line-rate="0" branch-rate="0" complexity="0">
      <classes/>
    </package>
    <package name="Client/UsersApiClient.php" line-rate="0" branch-rate="0" complexity="8">
      <classes>
        <class name="App\Client\UsersApiClient" filename="Client/UsersApiClient.php" line-rate="0" branch-rate="0" complexity="8">
          <methods>
            <method name="__construct" signature="Symfony\Contracts\HttpClient\HttpClientInterface $usersApi, Psr\Log\LoggerInterface $logger, App\Service\SubscriptionService $subscriptionService" line-rate="0" branch-rate="0" complexity="1">
              <lines>
                <line number="32" hits="0"/>
              </lines>
            </method>
            <method name="loadUserByIdentifier" signature="string $identifier" line-rate="0" branch-rate="0" complexity="1">
              <lines>
                <line number="37" hits="0"/>
              </lines>
            </method>
            <method name="getUser" signature="App\ValueObject\Token $token" line-rate="0" branch-rate="0" complexity="3">
              <lines>
                <line number="43" hits="0"/>
                <line number="44" hits="0"/>
                <line number="45" hits="0"/>
                <line number="46" hits="0"/>
                <line number="47" hits="0"/>
                <line number="48" hits="0"/>
                <line number="50" hits="0"/>
                <line number="51" hits="0"/>
                <line number="52" hits="0"/>
                <line number="53" hits="0"/>
                <line number="54" hits="0"/>
                <line number="55" hits="0"/>
                <line number="56" hits="0"/>
                <line number="58" hits="0"/>
                <line number="60" hits="0"/>
                <line number="61" hits="0"/>
                <line number="62" hits="0"/>
                <line number="64" hits="0"/>
                <line number="65" hits="0"/>
                <line number="66" hits="0"/>
                <line number="68" hits="0"/>
              </lines>
            </method>
            <method name="loadUserByToken" signature="App\ValueObject\Token $token" line-rate="0" branch-rate="0" complexity="1">
              <lines>
                <line number="74" hits="0"/>
              </lines>
            </method>
            <method name="refreshUser" signature="App\Entity\Contracts\ShopUserInterface $user" line-rate="0" branch-rate="0" complexity="2">
              <lines>
                <line number="79" hits="0"/>
                <line number="80" hits="0"/>
                <line number="83" hits="0"/>
              </lines>
            </method>
          </methods>
          <lines>
            <line number="32" hits="0"/>
            <line number="37" hits="0"/>
            <line number="43" hits="0"/>
            <line number="44" hits="0"/>
            <line number="45" hits="0"/>
            <line number="46" hits="0"/>
            <line number="47" hits="0"/>
            <line number="48" hits="0"/>
            <line number="50" hits="0"/>
            <line number="51" hits="0"/>
            <line number="52" hits="0"/>
            <line number="53" hits="0"/>
            <line number="54" hits="0"/>
            <line number="55" hits="0"/>
            <line number="56" hits="0"/>
            <line number="58" hits="0"/>
            <line number="60" hits="0"/>
            <line number="61" hits="0"/>
            <line number="62" hits="0"/>
            <line number="64" hits="0"/>
            <line number="65" hits="0"/>
            <line number="66" hits="0"/>
            <line number="68" hits="0"/>
            <line number="74" hits="0"/>
            <line number="79" hits="0"/>
            <line number="80" hits="0"/>
            <line number="83" hits="0"/>
          </lines>
        </class>
      </classes>
    </package>
    <package name="Command/AbstractSymfonyCommand.php" line-rate="0" branch-rate="0" complexity="1">
      <classes>
        <class name="App\Command\AbstractSymfonyCommand" filename="Command/AbstractSymfonyCommand.php" line-rate="0" branch-rate="0" complexity="1">
          <methods>
            <method name="render" signature="string $html" line-rate="0" branch-rate="0" complexity="1">
              <lines>
                <line number="14" hits="0"/>
              </lines>
            </method>
          </methods>
          <lines>
            <line number="14" hits="0"/>
          </lines>
        </class>
      </classes>
    </package>
    <package name="Command/CreateAuthClientCommand.php" line-rate="0" branch-rate="0" complexity="3">
      <classes>
        <class name="App\Command\CreateAuthClientCommand" filename="Command/CreateAuthClientCommand.php" line-rate="0" branch-rate="0" complexity="3">
          <methods>
            <method name="__construct" signature="Doctrine\ORM\EntityManagerInterface $entityManager, string $clientId, array $scopes, array $grantTypes, array $redirectUris" line-rate="0" branch-rate="0" complexity="1">
              <lines>
                <line number="32" hits="0"/>
              </lines>
            </method>
            <method name="execute" signature="Symfony\Component\Console\Input\InputInterface $input, Symfony\Component\Console\Output\OutputInterface $output" line-rate="0" branch-rate="0" complexity="2">
              <lines>
                <line number="37" hits="0"/>
                <line number="39" hits="0"/>
                <line number="40" hits="0"/>
                <line number="42" hits="0"/>
                <line number="45" hits="0"/>
                <line number="46" hits="0"/>
                <line number="47" hits="0"/>
                <line number="48" hits="0"/>
                <line number="49" hits="0"/>
                <line number="50" hits="0"/>
                <line number="51" hits="0"/>
                <line number="52" hits="0"/>
                <line number="53" hits="0"/>
                <line number="54" hits="0"/>
                <line number="55" hits="0"/>
                <line number="56" hits="0"/>
                <line number="57" hits="0"/>
                <line number="58" hits="0"/>
                <line number="60" hits="0"/>
                <line number="61" hits="0"/>
                <line number="62" hits="0"/>
                <line number="63" hits="0"/>
                <line number="64" hits="0"/>
                <line number="65" hits="0"/>
                <line number="66" hits="0"/>
                <line number="67" hits="0"/>
                <line number="68" hits="0"/>
                <line number="69" hits="0"/>
                <line number="70" hits="0"/>
                <line number="73" hits="0"/>
                <line number="74" hits="0"/>
                <line number="76" hits="0"/>
              </lines>
            </method>
          </methods>
          <lines>
            <line number="32" hits="0"/>
            <line number="37" hits="0"/>
            <line number="39" hits="0"/>
            <line number="40" hits="0"/>
            <line number="42" hits="0"/>
            <line number="45" hits="0"/>
            <line number="46" hits="0"/>
            <line number="47" hits="0"/>
            <line number="48" hits="0"/>
            <line number="49" hits="0"/>
            <line number="50" hits="0"/>
            <line number="51" hits="0"/>
            <line number="52" hits="0"/>
            <line number="53" hits="0"/>
            <line number="54" hits="0"/>
            <line number="55" hits="0"/>
            <line number="56" hits="0"/>
            <line number="57" hits="0"/>
            <line number="58" hits="0"/>
            <line number="60" hits="0"/>
            <line number="61" hits="0"/>
            <line number="62" hits="0"/>
            <line number="63" hits="0"/>
            <line number="64" hits="0"/>
            <line number="65" hits="0"/>
            <line number="66" hits="0"/>
            <line number="67" hits="0"/>
            <line number="68" hits="0"/>
            <line number="69" hits="0"/>
            <line number="70" hits="0"/>
            <line number="73" hits="0"/>
            <line number="74" hits="0"/>
            <line number="76" hits="0"/>
          </lines>
        </class>
      </classes>
    </package>
    <package name="Config/Cache.php" line-rate="0" branch-rate="0" complexity="0">
      <classes>
        <class name="App\Config\Cache" filename="Config/Cache.php" line-rate="0" branch-rate="0" complexity="0">
          <methods/>
          <lines/>
        </class>
      </classes>
    </package>
    <package name="Controller/AbstractShopController.php" line-rate="0" branch-rate="0" complexity="3">
      <classes>
        <class name="App\Controller\AbstractShopController" filename="Controller/AbstractShopController.php" line-rate="0" branch-rate="0" complexity="3">
          <methods>
            <method name="getUserId" signature="" line-rate="0" branch-rate="0" complexity="1">
              <lines>
                <line number="18" hits="0"/>
              </lines>
            </method>
            <method name="getShopUser" signature="" line-rate="0" branch-rate="0" complexity="2">
              <lines>
                <line number="23" hits="0"/>
                <line number="24" hits="0"/>
                <line number="26" hits="0"/>
                <line number="27" hits="0"/>
                <line number="30" hits="0"/>
              </lines>
            </method>
          </methods>
          <lines>
            <line number="18" hits="0"/>
            <line number="23" hits="0"/>
            <line number="24" hits="0"/>
            <line number="26" hits="0"/>
            <line number="27" hits="0"/>
            <line number="30" hits="0"/>
          </lines>
        </class>
      </classes>
    </package>
    <package name="Controller/AccountController.php" line-rate="0" branch-rate="0" complexity="1">
      <classes>
        <class name="App\Controller\AccountController" filename="Controller/AccountController.php" line-rate="0" branch-rate="0" complexity="1">
          <methods>
            <method name="index" signature="" line-rate="0" branch-rate="0" complexity="1">
              <lines>
                <line number="15" hits="0"/>
                <line number="18" hits="0"/>
              </lines>
            </method>
          </methods>
          <lines>
            <line number="15" hits="0"/>
            <line number="18" hits="0"/>
          </lines>
        </class>
      </classes>
    </package>
    <package name="Controller/AddressBookController.php" line-rate="0" branch-rate="0" complexity="4">
      <classes>
        <class name="App\Controller\AddressBookController" filename="Controller/AddressBookController.php" line-rate="0" branch-rate="0" complexity="4">
          <methods>
            <method name="index" signature="App\Service\AddressBookService $service" line-rate="0" branch-rate="0" complexity="1">
              <lines>
                <line number="21" hits="0"/>
                <line number="24" hits="0"/>
                <line number="25" hits="0"/>
                <line number="26" hits="0"/>
                <line number="27" hits="0"/>
                <line number="28" hits="0"/>
                <line number="29" hits="0"/>
              </lines>
            </method>
            <method name="add" signature="Symfony\Component\HttpFoundation\Request $request, App\Service\AddressBookService $service" line-rate="0" branch-rate="0" complexity="3">
              <lines>
                <line number="32" hits="0"/>
                <line number="35" hits="0"/>
                <line number="37" hits="0"/>
                <line number="38" hits="0"/>
                <line number="40" hits="0"/>
                <line number="41" hits="0"/>
                <line number="42" hits="0"/>
                <line number="43" hits="0"/>
                <line number="44" hits="0"/>
                <line number="45" hits="0"/>
                <line number="47" hits="0"/>
                <line number="50" hits="0"/>
                <line number="51" hits="0"/>
                <line number="52" hits="0"/>
                <line number="53" hits="0"/>
                <line number="54" hits="0"/>
                <line number="55" hits="0"/>
                <line number="56" hits="0"/>
              </lines>
            </method>
          </methods>
          <lines>
            <line number="21" hits="0"/>
            <line number="24" hits="0"/>
            <line number="25" hits="0"/>
            <line number="26" hits="0"/>
            <line number="27" hits="0"/>
            <line number="28" hits="0"/>
            <line number="29" hits="0"/>
            <line number="32" hits="0"/>
            <line number="35" hits="0"/>
            <line number="37" hits="0"/>
            <line number="38" hits="0"/>
            <line number="40" hits="0"/>
            <line number="41" hits="0"/>
            <line number="42" hits="0"/>
            <line number="43" hits="0"/>
            <line number="44" hits="0"/>
            <line number="45" hits="0"/>
            <line number="47" hits="0"/>
            <line number="50" hits="0"/>
            <line number="51" hits="0"/>
            <line number="52" hits="0"/>
            <line number="53" hits="0"/>
            <line number="54" hits="0"/>
            <line number="55" hits="0"/>
            <line number="56" hits="0"/>
          </lines>
        </class>
      </classes>
    </package>
    <package name="Controller/ApiController.php" line-rate="0" branch-rate="0" complexity="1">
      <classes>
        <class name="App\Controller\ApiController" filename="Controller/ApiController.php" line-rate="0" branch-rate="0" complexity="1">
          <methods>
            <method name="user" signature="" line-rate="0" branch-rate="0" complexity="1">
              <lines>
                <line number="17" hits="0"/>
                <line number="18" hits="0"/>
                <line number="19" hits="0"/>
                <line number="20" hits="0"/>
                <line number="21" hits="0"/>
                <line number="22" hits="0"/>
                <line number="23" hits="0"/>
                <line number="24" hits="0"/>
                <line number="25" hits="0"/>
                <line number="26" hits="0"/>
                <line number="27" hits="0"/>
                <line number="28" hits="0"/>
                <line number="29" hits="0"/>
                <line number="30" hits="0"/>
                <line number="31" hits="0"/>
                <line number="32" hits="0"/>
                <line number="35" hits="0"/>
                <line number="37" hits="0"/>
                <line number="38" hits="0"/>
                <line number="39" hits="0"/>
                <line number="40" hits="0"/>
                <line number="41" hits="0"/>
                <line number="42" hits="0"/>
              </lines>
            </method>
          </methods>
          <lines>
            <line number="17" hits="0"/>
            <line number="18" hits="0"/>
            <line number="19" hits="0"/>
            <line number="20" hits="0"/>
            <line number="21" hits="0"/>
            <line number="22" hits="0"/>
            <line number="23" hits="0"/>
            <line number="24" hits="0"/>
            <line number="25" hits="0"/>
            <line number="26" hits="0"/>
            <line number="27" hits="0"/>
            <line number="28" hits="0"/>
            <line number="29" hits="0"/>
            <line number="30" hits="0"/>
            <line number="31" hits="0"/>
            <line number="32" hits="0"/>
            <line number="35" hits="0"/>
            <line number="37" hits="0"/>
            <line number="38" hits="0"/>
            <line number="39" hits="0"/>
            <line number="40" hits="0"/>
            <line number="41" hits="0"/>
            <line number="42" hits="0"/>
          </lines>
        </class>
      </classes>
    </package>
    <package name="Controller/CartApiController.php" line-rate="0" branch-rate="0" complexity="8">
      <classes>
        <class name="App\Controller\CartApiController" filename="Controller/CartApiController.php" line-rate="0" branch-rate="0" complexity="8">
          <methods>
            <method name="index" signature="App\Service\CartService $cartService, Symfony\Component\Serializer\SerializerInterface $serializer" line-rate="0" branch-rate="0" complexity="1">
              <lines>
                <line number="33" hits="0"/>
                <line number="34" hits="0"/>
                <line number="35" hits="0"/>
                <line number="38" hits="0"/>
                <line number="39" hits="0"/>
                <line number="41" hits="0"/>
              </lines>
            </method>
            <method name="add" signature="Symfony\Component\HttpFoundation\Request $request, App\Service\ProductsService $productsService, App\Service\CartService $cartService" line-rate="0" branch-rate="0" complexity="5">
              <lines>
                <line number="44" hits="0"/>
                <line number="45" hits="0"/>
                <line number="46" hits="0"/>
                <line number="47" hits="0"/>
                <line number="48" hits="0"/>
                <line number="49" hits="0"/>
                <line number="50" hits="0"/>
                <line number="51" hits="0"/>
                <line number="52" hits="0"/>
                <line number="53" hits="0"/>
                <line number="54" hits="0"/>
                <line number="55" hits="0"/>
                <line number="56" hits="0"/>
                <line number="57" hits="0"/>
                <line number="58" hits="0"/>
                <line number="59" hits="0"/>
                <line number="60" hits="0"/>
                <line number="61" hits="0"/>
                <line number="62" hits="0"/>
                <line number="63" hits="0"/>
                <line number="64" hits="0"/>
                <line number="65" hits="0"/>
                <line number="66" hits="0"/>
                <line number="67" hits="0"/>
                <line number="68" hits="0"/>
                <line number="69" hits="0"/>
                <line number="70" hits="0"/>
                <line number="71" hits="0"/>
                <line number="72" hits="0"/>
                <line number="75" hits="0"/>
                <line number="76" hits="0"/>
                <line number="77" hits="0"/>
                <line number="81" hits="0"/>
                <line number="83" hits="0"/>
                <line number="84" hits="0"/>
                <line number="85" hits="0"/>
                <line number="86" hits="0"/>
                <line number="87" hits="0"/>
                <line number="88" hits="0"/>
                <line number="89" hits="0"/>
                <line number="90" hits="0"/>
                <line number="91" hits="0"/>
                <line number="94" hits="0"/>
                <line number="95" hits="0"/>
                <line number="96" hits="0"/>
                <line number="97" hits="0"/>
                <line number="98" hits="0"/>
                <line number="99" hits="0"/>
                <line number="100" hits="0"/>
                <line number="101" hits="0"/>
                <line number="102" hits="0"/>
                <line number="103" hits="0"/>
                <line number="104" hits="0"/>
                <line number="107" hits="0"/>
                <line number="108" hits="0"/>
                <line number="109" hits="0"/>
              </lines>
            </method>
            <method name="setQuantity" signature="App\Requests\CartSetQuantityRequest $cartSetQuantityRequest, App\Service\CartService $cartService" line-rate="0" branch-rate="0" complexity="2">
              <lines>
                <line number="112" hits="0"/>
                <line number="119" hits="0"/>
                <line number="121" hits="0"/>
                <line number="122" hits="0"/>
                <line number="123" hits="0"/>
              </lines>
            </method>
          </methods>
          <lines>
            <line number="33" hits="0"/>
            <line number="34" hits="0"/>
            <line number="35" hits="0"/>
            <line number="38" hits="0"/>
            <line number="39" hits="0"/>
            <line number="41" hits="0"/>
            <line number="44" hits="0"/>
            <line number="45" hits="0"/>
            <line number="46" hits="0"/>
            <line number="47" hits="0"/>
            <line number="48" hits="0"/>
            <line number="49" hits="0"/>
            <line number="50" hits="0"/>
            <line number="51" hits="0"/>
            <line number="52" hits="0"/>
            <line number="53" hits="0"/>
            <line number="54" hits="0"/>
            <line number="55" hits="0"/>
            <line number="56" hits="0"/>
            <line number="57" hits="0"/>
            <line number="58" hits="0"/>
            <line number="59" hits="0"/>
            <line number="60" hits="0"/>
            <line number="61" hits="0"/>
            <line number="62" hits="0"/>
            <line number="63" hits="0"/>
            <line number="64" hits="0"/>
            <line number="65" hits="0"/>
            <line number="66" hits="0"/>
            <line number="67" hits="0"/>
            <line number="68" hits="0"/>
            <line number="69" hits="0"/>
            <line number="70" hits="0"/>
            <line number="71" hits="0"/>
            <line number="72" hits="0"/>
            <line number="75" hits="0"/>
            <line number="76" hits="0"/>
            <line number="77" hits="0"/>
            <line number="81" hits="0"/>
            <line number="83" hits="0"/>
            <line number="84" hits="0"/>
            <line number="85" hits="0"/>
            <line number="86" hits="0"/>
            <line number="87" hits="0"/>
            <line number="88" hits="0"/>
            <line number="89" hits="0"/>
            <line number="90" hits="0"/>
            <line number="91" hits="0"/>
            <line number="94" hits="0"/>
            <line number="95" hits="0"/>
            <line number="96" hits="0"/>
            <line number="97" hits="0"/>
            <line number="98" hits="0"/>
            <line number="99" hits="0"/>
            <line number="100" hits="0"/>
            <line number="101" hits="0"/>
            <line number="102" hits="0"/>
            <line number="103" hits="0"/>
            <line number="104" hits="0"/>
            <line number="107" hits="0"/>
            <line number="108" hits="0"/>
            <line number="109" hits="0"/>
            <line number="112" hits="0"/>
            <line number="119" hits="0"/>
            <line number="121" hits="0"/>
            <line number="122" hits="0"/>
            <line number="123" hits="0"/>
          </lines>
        </class>
      </classes>
    </package>
    <package name="Controller/CartCheckoutController.php" line-rate="0" branch-rate="0" complexity="4">
      <classes>
        <class name="App\Controller\CartCheckoutController" filename="Controller/CartCheckoutController.php" line-rate="0" branch-rate="0" complexity="4">
          <methods>
            <method name="index" signature="Symfony\Component\HttpFoundation\Request $request, App\Service\CartService $cartService, App\Service\CalculatorService $cartCalculator, App\Service\AddressBookService $addressBookService" line-rate="0" branch-rate="0" complexity="3">
              <lines>
                <line number="24" hits="0"/>
                <line number="31" hits="0"/>
                <line number="32" hits="0"/>
                <line number="33" hits="0"/>
                <line number="35" hits="0"/>
                <line number="36" hits="0"/>
                <line number="37" hits="0"/>
                <line number="38" hits="0"/>
                <line number="40" hits="0"/>
                <line number="42" hits="0"/>
                <line number="43" hits="0"/>
                <line number="44" hits="0"/>
                <line number="45" hits="0"/>
                <line number="46" hits="0"/>
                <line number="47" hits="0"/>
                <line number="48" hits="0"/>
                <line number="49" hits="0"/>
                <line number="50" hits="0"/>
                <line number="51" hits="0"/>
                <line number="52" hits="0"/>
              </lines>
            </method>
            <method name="deliveryAddress" signature="Symfony\Component\HttpFoundation\Request $request, App\Service\AddressBookService $addressBookService" line-rate="0" branch-rate="0" complexity="1">
              <lines>
                <line number="55" hits="0"/>
                <line number="58" hits="0"/>
                <line number="59" hits="0"/>
                <line number="61" hits="0"/>
                <line number="62" hits="0"/>
                <line number="63" hits="0"/>
                <line number="64" hits="0"/>
                <line number="65" hits="0"/>
                <line number="66" hits="0"/>
              </lines>
            </method>
          </methods>
          <lines>
            <line number="24" hits="0"/>
            <line number="31" hits="0"/>
            <line number="32" hits="0"/>
            <line number="33" hits="0"/>
            <line number="35" hits="0"/>
            <line number="36" hits="0"/>
            <line number="37" hits="0"/>
            <line number="38" hits="0"/>
            <line number="40" hits="0"/>
            <line number="42" hits="0"/>
            <line number="43" hits="0"/>
            <line number="44" hits="0"/>
            <line number="45" hits="0"/>
            <line number="46" hits="0"/>
            <line number="47" hits="0"/>
            <line number="48" hits="0"/>
            <line number="49" hits="0"/>
            <line number="50" hits="0"/>
            <line number="51" hits="0"/>
            <line number="52" hits="0"/>
            <line number="55" hits="0"/>
            <line number="58" hits="0"/>
            <line number="59" hits="0"/>
            <line number="61" hits="0"/>
            <line number="62" hits="0"/>
            <line number="63" hits="0"/>
            <line number="64" hits="0"/>
            <line number="65" hits="0"/>
            <line number="66" hits="0"/>
          </lines>
        </class>
      </classes>
    </package>
    <package name="Controller/CartController.php" line-rate="0" branch-rate="0" complexity="9">
      <classes>
        <class name="App\Controller\CartController" filename="Controller/CartController.php" line-rate="0" branch-rate="0" complexity="9">
          <methods>
            <method name="addToCart" signature="Symfony\Component\HttpFoundation\Request $request, int $id, int $quantity, App\Workflow\CartWorkflow $cartWorkflow" line-rate="0" branch-rate="0" complexity="2">
              <lines>
                <line number="28" hits="0"/>
                <line number="32" hits="0"/>
                <line number="33" hits="0"/>
                <line number="34" hits="0"/>
                <line number="37" hits="0"/>
              </lines>
            </method>
            <method name="post" signature="App\Requests\CartAddJsonRequest $cartAddJsonRequest, App\Workflow\CartWorkflow $cartWorkflow" line-rate="0" branch-rate="0" complexity="2">
              <lines>
                <line number="40" hits="0"/>
                <line number="47" hits="0"/>
                <line number="48" hits="0"/>
                <line number="49" hits="0"/>
                <line number="52" hits="0"/>
              </lines>
            </method>
            <method name="removeFromCart" signature="App\Entity\ProductCartItem $cartItem, App\Workflow\CartWorkflow $cartWorkflow" line-rate="0" branch-rate="0" complexity="2">
              <lines>
                <line number="55" hits="0"/>
                <line number="59" hits="0"/>
                <line number="60" hits="0"/>
                <line number="61" hits="0"/>
                <line number="64" hits="0"/>
              </lines>
            </method>
            <method name="addCoupon" signature="Symfony\Component\HttpFoundation\Request $request, App\Workflow\CartWorkflow $cartWorkflow" line-rate="0" branch-rate="0" complexity="2">
              <lines>
                <line number="67" hits="0"/>
                <line number="71" hits="0"/>
                <line number="72" hits="0"/>
                <line number="73" hits="0"/>
                <line number="74" hits="0"/>
                <line number="77" hits="0"/>
              </lines>
            </method>
            <method name="show" signature="App\Service\CartService $cartService, App\Service\CalculatorService $cartCalculator" line-rate="0" branch-rate="0" complexity="1">
              <lines>
                <line number="80" hits="0"/>
                <line number="83" hits="0"/>
                <line number="85" hits="0"/>
                <line number="86" hits="0"/>
                <line number="87" hits="0"/>
                <line number="88" hits="0"/>
                <line number="89" hits="0"/>
                <line number="90" hits="0"/>
                <line number="91" hits="0"/>
              </lines>
            </method>
          </methods>
          <lines>
            <line number="28" hits="0"/>
            <line number="32" hits="0"/>
            <line number="33" hits="0"/>
            <line number="34" hits="0"/>
            <line number="37" hits="0"/>
            <line number="40" hits="0"/>
            <line number="47" hits="0"/>
            <line number="48" hits="0"/>
            <line number="49" hits="0"/>
            <line number="52" hits="0"/>
            <line number="55" hits="0"/>
            <line number="59" hits="0"/>
            <line number="60" hits="0"/>
            <line number="61" hits="0"/>
            <line number="64" hits="0"/>
            <line number="67" hits="0"/>
            <line number="71" hits="0"/>
            <line number="72" hits="0"/>
            <line number="73" hits="0"/>
            <line number="74" hits="0"/>
            <line number="77" hits="0"/>
            <line number="80" hits="0"/>
            <line number="83" hits="0"/>
            <line number="85" hits="0"/>
            <line number="86" hits="0"/>
            <line number="87" hits="0"/>
            <line number="88" hits="0"/>
            <line number="89" hits="0"/>
            <line number="90" hits="0"/>
            <line number="91" hits="0"/>
          </lines>
        </class>
      </classes>
    </package>
    <package name="Controller/GRPC/AuthController.php" line-rate="0" branch-rate="0" complexity="13">
      <classes>
        <class name="App\Controller\GRPC\AuthController" filename="Controller/GRPC/AuthController.php" line-rate="0" branch-rate="0" complexity="13">
          <methods>
            <method name="index" signature="" line-rate="0" branch-rate="0" complexity="1">
              <lines>
                <line number="25" hits="0"/>
                <line number="28" hits="0"/>
              </lines>
            </method>
            <method name="signUp" signature="Symfony\Component\HttpFoundation\Request $request, App\Service\GRPC\AuthApiGRPCService $authGRPCService" line-rate="0" branch-rate="0" complexity="3">
              <lines>
                <line number="31" hits="0"/>
                <line number="34" hits="0"/>
                <line number="35" hits="0"/>
                <line number="37" hits="0"/>
                <line number="38" hits="0"/>
                <line number="39" hits="0"/>
                <line number="42" hits="0"/>
                <line number="43" hits="0"/>
                <line number="44" hits="0"/>
                <line number="45" hits="0"/>
                <line number="46" hits="0"/>
                <line number="47" hits="0"/>
                <line number="48" hits="0"/>
              </lines>
            </method>
            <method name="verifyUser" signature="Symfony\Component\HttpFoundation\Request $request, App\Service\GRPC\AuthApiGRPCService $authGRPCService" line-rate="0" branch-rate="0" complexity="3">
              <lines>
                <line number="51" hits="0"/>
                <line number="54" hits="0"/>
                <line number="56" hits="0"/>
                <line number="57" hits="0"/>
                <line number="58" hits="0"/>
                <line number="59" hits="0"/>
                <line number="62" hits="0"/>
                <line number="63" hits="0"/>
                <line number="64" hits="0"/>
                <line number="65" hits="0"/>
                <line number="66" hits="0"/>
                <line number="67" hits="0"/>
                <line number="68" hits="0"/>
                <line number="69" hits="0"/>
              </lines>
            </method>
            <method name="signIn" signature="Symfony\Component\HttpFoundation\Request $request, App\Service\GRPC\AuthApiGRPCService $authGRPCService" line-rate="0" branch-rate="0" complexity="3">
              <lines>
                <line number="72" hits="0"/>
                <line number="75" hits="0"/>
                <line number="76" hits="0"/>
                <line number="78" hits="0"/>
                <line number="79" hits="0"/>
                <line number="80" hits="0"/>
                <line number="83" hits="0"/>
                <line number="84" hits="0"/>
                <line number="85" hits="0"/>
                <line number="86" hits="0"/>
                <line number="87" hits="0"/>
                <line number="88" hits="0"/>
                <line number="89" hits="0"/>
                <line number="90" hits="0"/>
              </lines>
            </method>
            <method name="getUserDetails" signature="Symfony\Component\HttpFoundation\Request $request, App\Service\GRPC\AuthApiGRPCService $authGRPCService" line-rate="0" branch-rate="0" complexity="3">
              <lines>
                <line number="93" hits="0"/>
                <line number="96" hits="0"/>
                <line number="97" hits="0"/>
                <line number="99" hits="0"/>
                <line number="100" hits="0"/>
                <line number="101" hits="0"/>
                <line number="102" hits="0"/>
                <line number="105" hits="0"/>
                <line number="106" hits="0"/>
                <line number="107" hits="0"/>
                <line number="108" hits="0"/>
                <line number="109" hits="0"/>
                <line number="110" hits="0"/>
                <line number="111" hits="0"/>
                <line number="112" hits="0"/>
                <line number="113" hits="0"/>
              </lines>
            </method>
          </methods>
          <lines>
            <line number="25" hits="0"/>
            <line number="28" hits="0"/>
            <line number="31" hits="0"/>
            <line number="34" hits="0"/>
            <line number="35" hits="0"/>
            <line number="37" hits="0"/>
            <line number="38" hits="0"/>
            <line number="39" hits="0"/>
            <line number="42" hits="0"/>
            <line number="43" hits="0"/>
            <line number="44" hits="0"/>
            <line number="45" hits="0"/>
            <line number="46" hits="0"/>
            <line number="47" hits="0"/>
            <line number="48" hits="0"/>
            <line number="51" hits="0"/>
            <line number="54" hits="0"/>
            <line number="56" hits="0"/>
            <line number="57" hits="0"/>
            <line number="58" hits="0"/>
            <line number="59" hits="0"/>
            <line number="62" hits="0"/>
            <line number="63" hits="0"/>
            <line number="64" hits="0"/>
            <line number="65" hits="0"/>
            <line number="66" hits="0"/>
            <line number="67" hits="0"/>
            <line number="68" hits="0"/>
            <line number="69" hits="0"/>
            <line number="72" hits="0"/>
            <line number="75" hits="0"/>
            <line number="76" hits="0"/>
            <line number="78" hits="0"/>
            <line number="79" hits="0"/>
            <line number="80" hits="0"/>
            <line number="83" hits="0"/>
            <line number="84" hits="0"/>
            <line number="85" hits="0"/>
            <line number="86" hits="0"/>
            <line number="87" hits="0"/>
            <line number="88" hits="0"/>
            <line number="89" hits="0"/>
            <line number="90" hits="0"/>
            <line number="93" hits="0"/>
            <line number="96" hits="0"/>
            <line number="97" hits="0"/>
            <line number="99" hits="0"/>
            <line number="100" hits="0"/>
            <line number="101" hits="0"/>
            <line number="102" hits="0"/>
            <line number="105" hits="0"/>
            <line number="106" hits="0"/>
            <line number="107" hits="0"/>
            <line number="108" hits="0"/>
            <line number="109" hits="0"/>
            <line number="110" hits="0"/>
            <line number="111" hits="0"/>
            <line number="112" hits="0"/>
            <line number="113" hits="0"/>
          </lines>
        </class>
      </classes>
    </package>
    <package name="Controller/HealthcheckController.php" line-rate="0" branch-rate="0" complexity="1">
      <classes>
        <class name="App\Controller\HealthcheckController" filename="Controller/HealthcheckController.php" line-rate="0" branch-rate="0" complexity="1">
          <methods>
            <method name="healthcheck" signature="" line-rate="0" branch-rate="0" complexity="1">
              <lines>
                <line number="15" hits="0"/>
                <line number="18" hits="0"/>
              </lines>
            </method>
          </methods>
          <lines>
            <line number="15" hits="0"/>
            <line number="18" hits="0"/>
          </lines>
        </class>
      </classes>
    </package>
    <package name="Controller/IndexController.php" line-rate="0" branch-rate="0" complexity="1">
      <classes>
        <class name="App\Controller\IndexController" filename="Controller/IndexController.php" line-rate="0" branch-rate="0" complexity="1">
          <methods>
            <method name="index" signature="" line-rate="0" branch-rate="0" complexity="1">
              <lines>
                <line number="15" hits="0"/>
                <line number="18" hits="0"/>
              </lines>
            </method>
          </methods>
          <lines>
            <line number="15" hits="0"/>
            <line number="18" hits="0"/>
          </lines>
        </class>
      </classes>
    </package>
    <package name="Controller/LoginController.php" line-rate="0" branch-rate="0" complexity="3">
      <classes>
        <class name="App\Controller\LoginController" filename="Controller/LoginController.php" line-rate="0" branch-rate="0" complexity="3">
          <methods>
            <method name="login" signature="Symfony\Component\Security\Http\Authentication\AuthenticationUtils $authenticationUtils" line-rate="0" branch-rate="0" complexity="2">
              <lines>
                <line number="18" hits="0"/>
                <line number="21" hits="0"/>
                <line number="22" hits="0"/>
                <line number="25" hits="0"/>
                <line number="26" hits="0"/>
                <line number="28" hits="0"/>
                <line number="29" hits="0"/>
                <line number="30" hits="0"/>
                <line number="31" hits="0"/>
                <line number="32" hits="0"/>
                <line number="33" hits="0"/>
                <line number="34" hits="0"/>
              </lines>
            </method>
            <method name="logout" signature="Symfony\Bundle\SecurityBundle\Security $security" line-rate="0" branch-rate="0" complexity="1">
              <lines>
                <line number="37" hits="0"/>
                <line number="40" hits="0"/>
                <line number="42" hits="0"/>
              </lines>
            </method>
          </methods>
          <lines>
            <line number="18" hits="0"/>
            <line number="21" hits="0"/>
            <line number="22" hits="0"/>
            <line number="25" hits="0"/>
            <line number="26" hits="0"/>
            <line number="28" hits="0"/>
            <line number="29" hits="0"/>
            <line number="30" hits="0"/>
            <line number="31" hits="0"/>
            <line number="32" hits="0"/>
            <line number="33" hits="0"/>
            <line number="34" hits="0"/>
            <line number="37" hits="0"/>
            <line number="40" hits="0"/>
            <line number="42" hits="0"/>
          </lines>
        </class>
      </classes>
    </package>
    <package name="Controller/OAuth2Api/CartApiController.php" line-rate="0" branch-rate="0" complexity="6">
      <classes>
        <class name="App\Controller\OAuth2Api\CartApiController" filename="Controller/OAuth2Api/CartApiController.php" line-rate="0" branch-rate="0" complexity="6">
          <methods>
            <method name="index" signature="App\Service\CartService $cartService, Symfony\Component\Serializer\SerializerInterface $serializer" line-rate="0" branch-rate="0" complexity="1">
              <lines>
                <line number="31" hits="0"/>
                <line number="32" hits="0"/>
                <line number="33" hits="0"/>
                <line number="36" hits="0"/>
                <line number="37" hits="0"/>
                <line number="39" hits="0"/>
              </lines>
            </method>
            <method name="add" signature="Symfony\Component\HttpFoundation\Request $request, App\Service\ProductsService $productsService, App\Service\CartService $cartService" line-rate="0" branch-rate="0" complexity="5">
              <lines>
                <line number="42" hits="0"/>
                <line number="43" hits="0"/>
                <line number="44" hits="0"/>
                <line number="45" hits="0"/>
                <line number="46" hits="0"/>
                <line number="47" hits="0"/>
                <line number="48" hits="0"/>
                <line number="49" hits="0"/>
                <line number="50" hits="0"/>
                <line number="51" hits="0"/>
                <line number="52" hits="0"/>
                <line number="53" hits="0"/>
                <line number="54" hits="0"/>
                <line number="55" hits="0"/>
                <line number="56" hits="0"/>
                <line number="57" hits="0"/>
                <line number="58" hits="0"/>
                <line number="59" hits="0"/>
                <line number="60" hits="0"/>
                <line number="61" hits="0"/>
                <line number="62" hits="0"/>
                <line number="63" hits="0"/>
                <line number="64" hits="0"/>
                <line number="65" hits="0"/>
                <line number="66" hits="0"/>
                <line number="67" hits="0"/>
                <line number="68" hits="0"/>
                <line number="69" hits="0"/>
                <line number="70" hits="0"/>
                <line number="73" hits="0"/>
                <line number="74" hits="0"/>
                <line number="75" hits="0"/>
                <line number="79" hits="0"/>
                <line number="81" hits="0"/>
                <line number="82" hits="0"/>
                <line number="83" hits="0"/>
                <line number="84" hits="0"/>
                <line number="85" hits="0"/>
                <line number="86" hits="0"/>
                <line number="87" hits="0"/>
                <line number="88" hits="0"/>
                <line number="89" hits="0"/>
                <line number="92" hits="0"/>
                <line number="93" hits="0"/>
                <line number="94" hits="0"/>
                <line number="95" hits="0"/>
                <line number="96" hits="0"/>
                <line number="97" hits="0"/>
                <line number="98" hits="0"/>
                <line number="99" hits="0"/>
                <line number="100" hits="0"/>
                <line number="101" hits="0"/>
                <line number="102" hits="0"/>
                <line number="103" hits="0"/>
                <line number="104" hits="0"/>
                <line number="105" hits="0"/>
                <line number="108" hits="0"/>
                <line number="109" hits="0"/>
                <line number="110" hits="0"/>
              </lines>
            </method>
          </methods>
          <lines>
            <line number="31" hits="0"/>
            <line number="32" hits="0"/>
            <line number="33" hits="0"/>
            <line number="36" hits="0"/>
            <line number="37" hits="0"/>
            <line number="39" hits="0"/>
            <line number="42" hits="0"/>
            <line number="43" hits="0"/>
            <line number="44" hits="0"/>
            <line number="45" hits="0"/>
            <line number="46" hits="0"/>
            <line number="47" hits="0"/>
            <line number="48" hits="0"/>
            <line number="49" hits="0"/>
            <line number="50" hits="0"/>
            <line number="51" hits="0"/>
            <line number="52" hits="0"/>
            <line number="53" hits="0"/>
            <line number="54" hits="0"/>
            <line number="55" hits="0"/>
            <line number="56" hits="0"/>
            <line number="57" hits="0"/>
            <line number="58" hits="0"/>
            <line number="59" hits="0"/>
            <line number="60" hits="0"/>
            <line number="61" hits="0"/>
            <line number="62" hits="0"/>
            <line number="63" hits="0"/>
            <line number="64" hits="0"/>
            <line number="65" hits="0"/>
            <line number="66" hits="0"/>
            <line number="67" hits="0"/>
            <line number="68" hits="0"/>
            <line number="69" hits="0"/>
            <line number="70" hits="0"/>
            <line number="73" hits="0"/>
            <line number="74" hits="0"/>
            <line number="75" hits="0"/>
            <line number="79" hits="0"/>
            <line number="81" hits="0"/>
            <line number="82" hits="0"/>
            <line number="83" hits="0"/>
            <line number="84" hits="0"/>
            <line number="85" hits="0"/>
            <line number="86" hits="0"/>
            <line number="87" hits="0"/>
            <line number="88" hits="0"/>
            <line number="89" hits="0"/>
            <line number="92" hits="0"/>
            <line number="93" hits="0"/>
            <line number="94" hits="0"/>
            <line number="95" hits="0"/>
            <line number="96" hits="0"/>
            <line number="97" hits="0"/>
            <line number="98" hits="0"/>
            <line number="99" hits="0"/>
            <line number="100" hits="0"/>
            <line number="101" hits="0"/>
            <line number="102" hits="0"/>
            <line number="103" hits="0"/>
            <line number="104" hits="0"/>
            <line number="105" hits="0"/>
            <line number="108" hits="0"/>
            <line number="109" hits="0"/>
            <line number="110" hits="0"/>
          </lines>
        </class>
      </classes>
    </package>
    <package name="Controller/OAuth2Api/OAuthTokenController.php" line-rate="0" branch-rate="0" complexity="6">
      <classes>
        <class name="App\Controller\OAuth2Api\OAuthTokenController" filename="Controller/OAuth2Api/OAuthTokenController.php" line-rate="0" branch-rate="0" complexity="6">
          <methods>
            <method name="index" signature="" line-rate="0" branch-rate="0" complexity="1">
              <lines>
                <line number="24" hits="0"/>
                <line number="27" hits="0"/>
              </lines>
            </method>
            <method name="callback" signature="Symfony\Component\HttpFoundation\Request $request, Symfony\Component\HttpFoundation\Session\Session $session" line-rate="0" branch-rate="0" complexity="2">
              <lines>
                <line number="30" hits="0"/>
                <line number="33" hits="0"/>
                <line number="34" hits="0"/>
                <line number="37" hits="0"/>
                <line number="38" hits="0"/>
                <line number="39" hits="0"/>
                <line number="40" hits="0"/>
                <line number="41" hits="0"/>
                <line number="42" hits="0"/>
                <line number="43" hits="0"/>
                <line number="45" hits="0"/>
                <line number="46" hits="0"/>
                <line number="47" hits="0"/>
                <line number="48" hits="0"/>
                <line number="49" hits="0"/>
                <line number="50" hits="0"/>
                <line number="51" hits="0"/>
              </lines>
            </method>
            <method name="consent" signature="Symfony\Component\HttpFoundation\Request $request, App\Service\OAuth2\OAuth2Service $oAuth2Service" line-rate="0" branch-rate="0" complexity="3">
              <lines>
                <line number="54" hits="0"/>
                <line number="57" hits="0"/>
                <line number="58" hits="0"/>
                <line number="59" hits="0"/>
                <line number="60" hits="0"/>
                <line number="61" hits="0"/>
                <line number="62" hits="0"/>
                <line number="63" hits="0"/>
                <line number="65" hits="0"/>
                <line number="66" hits="0"/>
                <line number="67" hits="0"/>
                <line number="68" hits="0"/>
                <line number="70" hits="0"/>
                <line number="73" hits="0"/>
                <line number="74" hits="0"/>
                <line number="75" hits="0"/>
                <line number="76" hits="0"/>
                <line number="78" hits="0"/>
                <line number="81" hits="0"/>
              </lines>
            </method>
          </methods>
          <lines>
            <line number="24" hits="0"/>
            <line number="27" hits="0"/>
            <line number="30" hits="0"/>
            <line number="33" hits="0"/>
            <line number="34" hits="0"/>
            <line number="37" hits="0"/>
            <line number="38" hits="0"/>
            <line number="39" hits="0"/>
            <line number="40" hits="0"/>
            <line number="41" hits="0"/>
            <line number="42" hits="0"/>
            <line number="43" hits="0"/>
            <line number="45" hits="0"/>
            <line number="46" hits="0"/>
            <line number="47" hits="0"/>
            <line number="48" hits="0"/>
            <line number="49" hits="0"/>
            <line number="50" hits="0"/>
            <line number="51" hits="0"/>
            <line number="54" hits="0"/>
            <line number="57" hits="0"/>
            <line number="58" hits="0"/>
            <line number="59" hits="0"/>
            <line number="60" hits="0"/>
            <line number="61" hits="0"/>
            <line number="62" hits="0"/>
            <line number="63" hits="0"/>
            <line number="65" hits="0"/>
            <line number="66" hits="0"/>
            <line number="67" hits="0"/>
            <line number="68" hits="0"/>
            <line number="70" hits="0"/>
            <line number="73" hits="0"/>
            <line number="74" hits="0"/>
            <line number="75" hits="0"/>
            <line number="76" hits="0"/>
            <line number="78" hits="0"/>
            <line number="81" hits="0"/>
          </lines>
        </class>
      </classes>
    </package>
    <package name="Controller/OrderController.php" line-rate="0" branch-rate="0" complexity="9">
      <classes>
        <class name="App\Controller\OrderController" filename="Controller/OrderController.php" line-rate="0" branch-rate="0" complexity="9">
          <methods>
            <method name="createPendingOrder" signature="App\Requests\PaymentTypeRequest $paymentType, App\Workflow\OrderWorkflow $orderWorkflow" line-rate="0" branch-rate="0" complexity="2">
              <lines>
                <line number="28" hits="0"/>
                <line number="35" hits="0"/>
                <line number="36" hits="0"/>
                <line number="37" hits="0"/>
                <line number="39" hits="0"/>
                <line number="42" hits="0"/>
                <line number="43" hits="0"/>
                <line number="44" hits="0"/>
                <line number="45" hits="0"/>
                <line number="46" hits="0"/>
                <line number="47" hits="0"/>
              </lines>
            </method>
            <method name="pending" signature="Symfony\Component\HttpFoundation\Request $request, App\Entity\Order $order, App\Workflow\OrderWorkflow $orderWorkflow" line-rate="0" branch-rate="0" complexity="4">
              <lines>
                <line number="50" hits="0"/>
                <line number="53" hits="0"/>
                <line number="55" hits="0"/>
                <line number="56" hits="0"/>
                <line number="58" hits="0"/>
                <line number="59" hits="0"/>
                <line number="60" hits="0"/>
                <line number="62" hits="0"/>
                <line number="65" hits="0"/>
                <line number="66" hits="0"/>
                <line number="67" hits="0"/>
                <line number="68" hits="0"/>
                <line number="69" hits="0"/>
                <line number="70" hits="0"/>
                <line number="71" hits="0"/>
                <line number="72" hits="0"/>
              </lines>
            </method>
            <method name="summaryOrder" signature="int $id, App\Service\OrderService $orderService, App\Service\CalculatorService $cartCalculatorService" line-rate="0" branch-rate="0" complexity="1">
              <lines>
                <line number="75" hits="0"/>
                <line number="81" hits="0"/>
                <line number="83" hits="0"/>
                <line number="84" hits="0"/>
                <line number="85" hits="0"/>
                <line number="86" hits="0"/>
                <line number="87" hits="0"/>
                <line number="88" hits="0"/>
                <line number="89" hits="0"/>
              </lines>
            </method>
            <method name="index" signature="int $page, App\Model\User $user, App\Service\OrderService $service" line-rate="0" branch-rate="0" complexity="1">
              <lines>
                <line number="92" hits="0"/>
                <line number="95" hits="0"/>
                <line number="97" hits="0"/>
                <line number="98" hits="0"/>
                <line number="99" hits="0"/>
                <line number="100" hits="0"/>
              </lines>
            </method>
            <method name="show" signature="int $id, App\Service\OrderService $orderService" line-rate="0" branch-rate="0" complexity="1">
              <lines>
                <line number="103" hits="0"/>
                <line number="106" hits="0"/>
                <line number="107" hits="0"/>
                <line number="109" hits="0"/>
                <line number="110" hits="0"/>
                <line number="111" hits="0"/>
                <line number="112" hits="0"/>
              </lines>
            </method>
          </methods>
          <lines>
            <line number="28" hits="0"/>
            <line number="35" hits="0"/>
            <line number="36" hits="0"/>
            <line number="37" hits="0"/>
            <line number="39" hits="0"/>
            <line number="42" hits="0"/>
            <line number="43" hits="0"/>
            <line number="44" hits="0"/>
            <line number="45" hits="0"/>
            <line number="46" hits="0"/>
            <line number="47" hits="0"/>
            <line number="50" hits="0"/>
            <line number="53" hits="0"/>
            <line number="55" hits="0"/>
            <line number="56" hits="0"/>
            <line number="58" hits="0"/>
            <line number="59" hits="0"/>
            <line number="60" hits="0"/>
            <line number="62" hits="0"/>
            <line number="65" hits="0"/>
            <line number="66" hits="0"/>
            <line number="67" hits="0"/>
            <line number="68" hits="0"/>
            <line number="69" hits="0"/>
            <line number="70" hits="0"/>
            <line number="71" hits="0"/>
            <line number="72" hits="0"/>
            <line number="75" hits="0"/>
            <line number="81" hits="0"/>
            <line number="83" hits="0"/>
            <line number="84" hits="0"/>
            <line number="85" hits="0"/>
            <line number="86" hits="0"/>
            <line number="87" hits="0"/>
            <line number="88" hits="0"/>
            <line number="89" hits="0"/>
            <line number="92" hits="0"/>
            <line number="95" hits="0"/>
            <line number="97" hits="0"/>
            <line number="98" hits="0"/>
            <line number="99" hits="0"/>
            <line number="100" hits="0"/>
            <line number="103" hits="0"/>
            <line number="106" hits="0"/>
            <line number="107" hits="0"/>
            <line number="109" hits="0"/>
            <line number="110" hits="0"/>
            <line number="111" hits="0"/>
            <line number="112" hits="0"/>
          </lines>
        </class>
      </classes>
    </package>
    <package name="Controller/PaymentController.php" line-rate="0" branch-rate="0" complexity="0">
      <classes>
        <class name="App\Controller\PaymentController" filename="Controller/PaymentController.php" line-rate="0" branch-rate="0" complexity="0">
          <methods/>
          <lines/>
        </class>
      </classes>
    </package>
    <package name="Controller/ProductController.php" line-rate="0" branch-rate="0" complexity="2">
      <classes>
        <class name="App\Controller\ProductController" filename="Controller/ProductController.php" line-rate="0" branch-rate="0" complexity="2">
          <methods>
[...]
            <line number="60" hits="0"/>
          </lines>
        </class>
      </classes>
    </package>
    <package name="Storage/CartSessionStorage.php" line-rate="0" branch-rate="0" complexity="8">
      <classes>
        <class name="App\Storage\CartSessionStorage" filename="Storage/CartSessionStorage.php" line-rate="0" branch-rate="0" complexity="8">
          <methods>
            <method name="__construct" signature="Symfony\Component\HttpFoundation\RequestStack $requestStack, App\Repository\CartRepository $cartRepository, Symfony\Bundle\SecurityBundle\Security $security, Symfony\Component\DependencyInjection\ParameterBag\ParameterBagInterface $parameterBag" line-rate="0" branch-rate="0" complexity="1">
              <lines>
                <line number="32" hits="0"/>
              </lines>
            </method>
            <method name="getCart" signature="" line-rate="0" branch-rate="0" complexity="1">
              <lines>
                <line number="39" hits="0"/>
                <line number="40" hits="0"/>
                <line number="41" hits="0"/>
                <line number="42" hits="0"/>
                <line number="43" hits="0"/>
                <line number="44" hits="0"/>
                <line number="45" hits="0"/>
              </lines>
            </method>
            <method name="getUser" signature="" line-rate="0" branch-rate="0" complexity="1">
              <lines>
                <line number="50" hits="0"/>
                <line number="51" hits="0"/>
                <line number="53" hits="0"/>
              </lines>
            </method>
            <method name="setCart" signature="App\Entity\Cart $cart" line-rate="0" branch-rate="0" complexity="2">
              <lines>
                <line number="58" hits="0"/>
                <line number="59" hits="0"/>
                <line number="60" hits="0"/>
                <line number="61" hits="0"/>
                <line number="64" hits="0"/>
              </lines>
            </method>
            <method name="getSession" signature="" line-rate="0" branch-rate="0" complexity="2">
              <lines>
                <line number="71" hits="0"/>
                <line number="72" hits="0"/>
                <line number="74" hits="0"/>
                <line number="75" hits="0"/>
                <line number="77" hits="0"/>
                <line number="78" hits="0"/>
                <line number="80" hits="0"/>
                <line number="83" hits="0"/>
              </lines>
            </method>
            <method name="removeCart" signature="" line-rate="0" branch-rate="0" complexity="1">
              <lines>
                <line number="88" hits="0"/>
              </lines>
            </method>
          </methods>
          <lines>
            <line number="32" hits="0"/>
            <line number="39" hits="0"/>
            <line number="40" hits="0"/>
            <line number="41" hits="0"/>
            <line number="42" hits="0"/>
            <line number="43" hits="0"/>
            <line number="44" hits="0"/>
            <line number="45" hits="0"/>
            <line number="50" hits="0"/>
            <line number="51" hits="0"/>
            <line number="53" hits="0"/>
            <line number="58" hits="0"/>
            <line number="59" hits="0"/>
            <line number="60" hits="0"/>
            <line number="61" hits="0"/>
            <line number="64" hits="0"/>
            <line number="71" hits="0"/>
            <line number="72" hits="0"/>
            <line number="74" hits="0"/>
            <line number="75" hits="0"/>
            <line number="77" hits="0"/>
            <line number="78" hits="0"/>
            <line number="80" hits="0"/>
            <line number="83" hits="0"/>
            <line number="88" hits="0"/>
          </lines>
        </class>
      </classes>
    </package>
    <package name="ValueObject/CouponCode.php" line-rate="0" branch-rate="0" complexity="5">
      <classes>
        <class name="App\ValueObject\CouponCode" filename="ValueObject/CouponCode.php" line-rate="0" branch-rate="0" complexity="5">
          <methods>
            <method name="__construct" signature="string $type, string $value" line-rate="0" branch-rate="0" complexity="1">
              <lines>
                <line number="13" hits="0"/>
              </lines>
            </method>
            <method name="getType" signature="" line-rate="0" branch-rate="0" complexity="1">
              <lines>
                <line number="17" hits="0"/>
              </lines>
            </method>
            <method name="getValue" signature="" line-rate="0" branch-rate="0" complexity="1">
              <lines>
                <line number="22" hits="0"/>
              </lines>
            </method>
            <method name="isCartDiscount" signature="" line-rate="0" branch-rate="0" complexity="1">
              <lines>
                <line number="27" hits="0"/>
              </lines>
            </method>
            <method name="isShippingDiscount" signature="" line-rate="0" branch-rate="0" complexity="1">
              <lines>
                <line number="32" hits="0"/>
              </lines>
            </method>
          </methods>
          <lines>
            <line number="13" hits="0"/>
            <line number="17" hits="0"/>
            <line number="22" hits="0"/>
            <line number="27" hits="0"/>
            <line number="32" hits="0"/>
          </lines>
        </class>
      </classes>
    </package>
    <package name="ValueObject/EmailAddress.php" line-rate="0.71428571428571" branch-rate="0" complexity="3">
      <classes>
        <class name="App\ValueObject\EmailAddress" filename="ValueObject/EmailAddress.php" line-rate="0.71428571428571" branch-rate="0" complexity="3">
          <methods>
            <method name="__construct" signature="string $email" line-rate="0.83333333333333" branch-rate="0" complexity="2">
              <lines>
                <line number="19" hits="1"/>
                <line number="20" hits="1"/>
                <line number="21" hits="1"/>
                <line number="23" hits="1"/>
                <line number="24" hits="1"/>
                <line number="25" hits="0"/>
              </lines>
            </method>
            <method name="toString" signature="" line-rate="0" branch-rate="0" complexity="1">
              <lines>
                <line number="31" hits="0"/>
              </lines>
            </method>
          </methods>
          <lines>
            <line number="19" hits="1"/>
            <line number="20" hits="1"/>
            <line number="21" hits="1"/>
            <line number="23" hits="1"/>
            <line number="24" hits="1"/>
            <line number="25" hits="0"/>
            <line number="31" hits="0"/>
          </lines>
        </class>
      </classes>
    </package>
    <package name="ValueObject/GRPC/StatusResponse.php" line-rate="0" branch-rate="0" complexity="4">
      <classes>
        <class name="App\ValueObject\GRPC\StatusResponse" filename="ValueObject/GRPC/StatusResponse.php" line-rate="0" branch-rate="0" complexity="4">
          <methods>
            <method name="__construct" signature="stdClass $class" line-rate="0" branch-rate="0" complexity="1">
              <lines>
                <line number="21" hits="0"/>
                <line number="22" hits="0"/>
              </lines>
            </method>
            <method name="getCode" signature="" line-rate="0" branch-rate="0" complexity="1">
              <lines>
                <line number="27" hits="0"/>
              </lines>
            </method>
            <method name="getDetails" signature="" line-rate="0" branch-rate="0" complexity="1">
              <lines>
                <line number="32" hits="0"/>
              </lines>
            </method>
            <method name="isOk" signature="" line-rate="0" branch-rate="0" complexity="1">
              <lines>
                <line number="37" hits="0"/>
              </lines>
            </method>
          </methods>
          <lines>
            <line number="21" hits="0"/>
            <line number="22" hits="0"/>
            <line number="27" hits="0"/>
            <line number="32" hits="0"/>
            <line number="37" hits="0"/>
          </lines>
        </class>
      </classes>
    </package>
    <package name="ValueObject/Summary.php" line-rate="0" branch-rate="0" complexity="8">
      <classes>
        <class name="App\ValueObject\Summary" filename="ValueObject/Summary.php" line-rate="0" branch-rate="0" complexity="8">
          <methods>
            <method name="__construct" signature="int $net, int $discount, int $tax, int $shipping" line-rate="0" branch-rate="0" complexity="1">
              <lines>
                <line number="15" hits="0"/>
              </lines>
            </method>
            <method name="getNet" signature="" line-rate="0" branch-rate="0" complexity="1">
              <lines>
                <line number="19" hits="0"/>
              </lines>
            </method>
            <method name="getTax" signature="" line-rate="0" branch-rate="0" complexity="1">
              <lines>
                <line number="24" hits="0"/>
              </lines>
            </method>
            <method name="getShipping" signature="" line-rate="0" branch-rate="0" complexity="1">
              <lines>
                <line number="29" hits="0"/>
              </lines>
            </method>
            <method name="getTotal" signature="" line-rate="0" branch-rate="0" complexity="1">
              <lines>
                <line number="34" hits="0"/>
              </lines>
            </method>
            <method name="getSubTotal" signature="" line-rate="0" branch-rate="0" complexity="2">
              <lines>
                <line number="39" hits="0"/>
                <line number="40" hits="0"/>
                <line number="41" hits="0"/>
                <line number="42" hits="0"/>
                <line number="45" hits="0"/>
              </lines>
            </method>
            <method name="getDiscount" signature="" line-rate="0" branch-rate="0" complexity="1">
              <lines>
                <line number="50" hits="0"/>
              </lines>
            </method>
          </methods>
          <lines>
            <line number="15" hits="0"/>
            <line number="19" hits="0"/>
            <line number="24" hits="0"/>
            <line number="29" hits="0"/>
            <line number="34" hits="0"/>
            <line number="39" hits="0"/>
            <line number="40" hits="0"/>
            <line number="41" hits="0"/>
            <line number="42" hits="0"/>
            <line number="45" hits="0"/>
            <line number="50" hits="0"/>
          </lines>
        </class>
      </classes>
    </package>
    <package name="ValueObject/Token.php" line-rate="0" branch-rate="0" complexity="5">
      <classes>
        <class name="App\ValueObject\Token" filename="ValueObject/Token.php" line-rate="0" branch-rate="0" complexity="5">
          <methods>
            <method name="__construct" signature="string $token" line-rate="0" branch-rate="0" complexity="1">
              <lines>
                <line number="23" hits="0"/>
                <line number="24" hits="0"/>
              </lines>
            </method>
            <method name="value" signature="" line-rate="0" branch-rate="0" complexity="1">
              <lines>
                <line number="29" hits="0"/>
              </lines>
            </method>
            <method name="isExpired" signature="" line-rate="0" branch-rate="0" complexity="1">
              <lines>
                <line number="34" hits="0"/>
              </lines>
            </method>
            <method name="getSub" signature="" line-rate="0" branch-rate="0" complexity="1">
              <lines>
                <line number="39" hits="0"/>
                <line number="40" hits="0"/>
                <line number="42" hits="0"/>
              </lines>
            </method>
            <method name="__toString" signature="" line-rate="0" branch-rate="0" complexity="1">
              <lines>
                <line number="47" hits="0"/>
              </lines>
            </method>
          </methods>
          <lines>
            <line number="23" hits="0"/>
            <line number="24" hits="0"/>
            <line number="29" hits="0"/>
            <line number="34" hits="0"/>
            <line number="39" hits="0"/>
            <line number="40" hits="0"/>
            <line number="42" hits="0"/>
            <line number="47" hits="0"/>
          </lines>
        </class>
      </classes>
    </package>
    <package name="ValueResolver/EntityNameResolver.php" line-rate="0" branch-rate="0" complexity="2">
      <classes>
        <class name="App\ValueResolver\EntityNameResolver" filename="ValueResolver/EntityNameResolver.php" line-rate="0" branch-rate="0" complexity="2">
          <methods>
            <method name="resolve" signature="string $entityType" line-rate="0" branch-rate="0" complexity="2">
              <lines>
                <line number="16" hits="0"/>
                <line number="17" hits="0"/>
                <line number="18" hits="0"/>
                <line number="19" hits="0"/>
                <line number="21" hits="0"/>
                <line number="22" hits="0"/>
                <line number="25" hits="0"/>
              </lines>
            </method>
          </methods>
          <lines>
            <line number="16" hits="0"/>
            <line number="17" hits="0"/>
            <line number="18" hits="0"/>
            <line number="19" hits="0"/>
            <line number="21" hits="0"/>
            <line number="22" hits="0"/>
            <line number="25" hits="0"/>
          </lines>
        </class>
      </classes>
    </package>
    <package name="Workflow/CartWorkflow.php" line-rate="0" branch-rate="0" complexity="8">
      <classes>
        <class name="App\Workflow\CartWorkflow" filename="Workflow/CartWorkflow.php" line-rate="0" branch-rate="0" complexity="8">
          <methods>
            <method name="__construct" signature="App\Factory\CartItemFactory $factory, App\Service\CartService $cartService, App\Service\ProductStockService $productStockService, App\Service\CouponService $couponService, Psr\Log\LoggerInterface $logger" line-rate="0" branch-rate="0" complexity="1">
              <lines>
                <line number="33" hits="0"/>
              </lines>
            </method>
            <method name="add" signature="int $itemId, int $quantity" line-rate="0" branch-rate="0" complexity="3">
              <lines>
                <line number="42" hits="0"/>
                <line number="43" hits="0"/>
                <line number="44" hits="0"/>
                <line number="45" hits="0"/>
                <line number="46" hits="0"/>
                <line number="47" hits="0"/>
                <line number="48" hits="0"/>
                <line number="49" hits="0"/>
                <line number="50" hits="0"/>
                <line number="52" hits="0"/>
                <line number="53" hits="0"/>
                <line number="54" hits="0"/>
                <line number="55" hits="0"/>
                <line number="56" hits="0"/>
                <line number="57" hits="0"/>
                <line number="59" hits="0"/>
              </lines>
            </method>
            <method name="remove" signature="App\Entity\ProductCartItem $cartItem" line-rate="0" branch-rate="0" complexity="2">
              <lines>
                <line number="70" hits="0"/>
                <line number="71" hits="0"/>
                <line number="72" hits="0"/>
                <line number="73" hits="0"/>
                <line number="74" hits="0"/>
                <line number="76" hits="0"/>
              </lines>
            </method>
            <method name="applyCouponCode" signature="string $couponCode" line-rate="0" branch-rate="0" complexity="2">
              <lines>
                <line number="84" hits="0"/>
                <line number="85" hits="0"/>
                <line number="86" hits="0"/>
                <line number="87" hits="0"/>
                <line number="88" hits="0"/>
                <line number="90" hits="0"/>
              </lines>
            </method>
          </methods>
          <lines>
            <line number="33" hits="0"/>
            <line number="42" hits="0"/>
            <line number="43" hits="0"/>
            <line number="44" hits="0"/>
            <line number="45" hits="0"/>
            <line number="46" hits="0"/>
            <line number="47" hits="0"/>
            <line number="48" hits="0"/>
            <line number="49" hits="0"/>
            <line number="50" hits="0"/>
            <line number="52" hits="0"/>
            <line number="53" hits="0"/>
            <line number="54" hits="0"/>
            <line number="55" hits="0"/>
            <line number="56" hits="0"/>
            <line number="57" hits="0"/>
            <line number="59" hits="0"/>
            <line number="70" hits="0"/>
            <line number="71" hits="0"/>
            <line number="72" hits="0"/>
            <line number="73" hits="0"/>
            <line number="74" hits="0"/>
            <line number="76" hits="0"/>
            <line number="84" hits="0"/>
            <line number="85" hits="0"/>
            <line number="86" hits="0"/>
            <line number="87" hits="0"/>
            <line number="88" hits="0"/>
            <line number="90" hits="0"/>
          </lines>
        </class>
      </classes>
    </package>
    <package name="Workflow/OrderWorkflow.php" line-rate="0" branch-rate="0" complexity="5">
      <classes>
        <class name="App\Workflow\OrderWorkflow" filename="Workflow/OrderWorkflow.php" line-rate="0" branch-rate="0" complexity="5">
          <methods>
            <method name="__construct" signature="App\Service\CartService $cartService, App\Service\PaymentService $paymentService, App\Service\OrderService $orderService" line-rate="0" branch-rate="0" complexity="1">
              <lines>
                <line number="24" hits="0"/>
              </lines>
            </method>
            <method name="createPendingOrder" signature="string $paymentOperator" line-rate="0" branch-rate="0" complexity="3">
              <lines>
                <line number="33" hits="0"/>
                <line number="34" hits="0"/>
                <line number="35" hits="0"/>
                <line number="36" hits="0"/>
                <line number="37" hits="0"/>
                <line number="39" hits="0"/>
                <line number="40" hits="0"/>
                <line number="41" hits="0"/>
                <line number="42" hits="0"/>
                <line number="43" hits="0"/>
              </lines>
            </method>
            <method name="confirmOrder" signature="App\Entity\Order $order" line-rate="0" branch-rate="0" complexity="1">
              <lines>
                <line number="49" hits="0"/>
                <line number="50" hits="0"/>
                <line number="52" hits="0"/>
              </lines>
            </method>
          </methods>
          <lines>
            <line number="24" hits="0"/>
            <line number="33" hits="0"/>
            <line number="34" hits="0"/>
            <line number="35" hits="0"/>
            <line number="36" hits="0"/>
            <line number="37" hits="0"/>
            <line number="39" hits="0"/>
            <line number="40" hits="0"/>
            <line number="41" hits="0"/>
            <line number="42" hits="0"/>
            <line number="43" hits="0"/>
            <line number="49" hits="0"/>
            <line number="50" hits="0"/>
            <line number="52" hits="0"/>
          </lines>
        </class>
      </classes>
    </package>
  </packages>
</coverage>
